STAGE DEPENDENCIES:
  Stage-19 is a root stage , consists of Stage-29, Stage-1
  Stage-29 has a backup stage: Stage-1
  Stage-17 depends on stages: Stage-29
  Stage-16 depends on stages: Stage-1, Stage-7, Stage-9, Stage-17, Stage-20, Stage-23 , consists of Stage-27, Stage-28, Stage-2
  Stage-27 has a backup stage: Stage-2
  Stage-14 depends on stages: Stage-27
  Stage-26 depends on stages: Stage-2, Stage-14, Stage-15
  Stage-4 depends on stages: Stage-26
  Stage-5 depends on stages: Stage-4
  Stage-28 has a backup stage: Stage-2
  Stage-15 depends on stages: Stage-28
  Stage-2
  Stage-1
  Stage-22 is a root stage , consists of Stage-30, Stage-7
  Stage-30 has a backup stage: Stage-7
  Stage-20 depends on stages: Stage-30
  Stage-7
  Stage-25 is a root stage , consists of Stage-31, Stage-9
  Stage-31 has a backup stage: Stage-9
  Stage-23 depends on stages: Stage-31
  Stage-9
  Stage-0 depends on stages: Stage-5

STAGE PLANS:
  Stage: Stage-19
    Conditional Operator

  Stage: Stage-29
    Map Reduce Local Work
      Alias -> Map Local Tables:
        null-subquery1-subquery1:tmp-subquery1-subquery1:date_dim 
          Fetch Operator
            limit: -1
      Alias -> Map Local Operator Tree:
        null-subquery1-subquery1:tmp-subquery1-subquery1:date_dim 
          TableScan
            alias: date_dim
            Statistics: Num rows: 859786 Data size: 10317438 Basic stats: COMPLETE Column stats: NONE
            Filter Operator
              predicate: ((d_date_sk is not null and (d_moy = 12)) and (d_year = 2001)) (type: boolean)
              Statistics: Num rows: 107473 Data size: 1289676 Basic stats: COMPLETE Column stats: NONE
              HashTable Sink Operator
                keys:
                  0 ws_sold_date_sk (type: int)
                  1 d_date_sk (type: int)

  Stage: Stage-17
    Map Reduce
      Map Operator Tree:
          TableScan
            alias: web_sales
            Statistics: Num rows: 475447264 Data size: 7607156224 Basic stats: COMPLETE Column stats: NONE
            Filter Operator
              predicate: ((ws_sold_date_sk is not null and ws_item_sk is not null) and ws_sold_time_sk is not null) (type: boolean)
              Statistics: Num rows: 59430908 Data size: 950894528 Basic stats: COMPLETE Column stats: NONE
              Map Join Operator
                condition map:
                     Inner Join 0 to 1
                keys:
                  0 ws_sold_date_sk (type: int)
                  1 d_date_sk (type: int)
                outputColumnNames: _col0, _col1, _col3, _col23, _col37
                Statistics: Num rows: 65374000 Data size: 1045984003 Basic stats: COMPLETE Column stats: NONE
                Filter Operator
                  predicate: (_col37 = _col0) (type: boolean)
                  Statistics: Num rows: 32687000 Data size: 522992001 Basic stats: COMPLETE Column stats: NONE
                  Select Operator
                    expressions: _col23 (type: float), _col3 (type: int), _col1 (type: int)
                    outputColumnNames: _col0, _col2, _col3
                    Statistics: Num rows: 32687000 Data size: 522992001 Basic stats: COMPLETE Column stats: NONE
                    File Output Operator
                      compressed: false
                      table:
                          input format: org.apache.hadoop.mapred.SequenceFileInputFormat
                          output format: org.apache.hadoop.hive.ql.io.HiveSequenceFileOutputFormat
                          serde: org.apache.hadoop.hive.serde2.lazybinary.LazyBinarySerDe
      Local Work:
        Map Reduce Local Work

  Stage: Stage-16
    Conditional Operator

  Stage: Stage-27
    Map Reduce Local Work
      Alias -> Map Local Tables:
        hdfs://10.0.0.4:8020/tmp/hive/ubuntu/51098872-3b99-46ab-8aa2-0d1170018fc2/hive_2016-09-29_23-03-04_464_4721029323937672351-1/-mr-10004 
          Fetch Operator
            limit: -1
        hdfs://10.0.0.4:8020/tmp/hive/ubuntu/51098872-3b99-46ab-8aa2-0d1170018fc2/hive_2016-09-29_23-03-04_464_4721029323937672351-1/-mr-10008 
          Fetch Operator
            limit: -1
        hdfs://10.0.0.4:8020/tmp/hive/ubuntu/51098872-3b99-46ab-8aa2-0d1170018fc2/hive_2016-09-29_23-03-04_464_4721029323937672351-1/-mr-10009 
          Fetch Operator
            limit: -1
      Alias -> Map Local Operator Tree:
        hdfs://10.0.0.4:8020/tmp/hive/ubuntu/51098872-3b99-46ab-8aa2-0d1170018fc2/hive_2016-09-29_23-03-04_464_4721029323937672351-1/-mr-10004 
          TableScan
            Union
              Statistics: Num rows: 184545096 Data size: 2952721544 Basic stats: COMPLETE Column stats: NONE
              HashTable Sink Operator
                keys:
                  0 i_item_sk (type: int)
                  1 _col2 (type: int)
        hdfs://10.0.0.4:8020/tmp/hive/ubuntu/51098872-3b99-46ab-8aa2-0d1170018fc2/hive_2016-09-29_23-03-04_464_4721029323937672351-1/-mr-10008 
          TableScan
            Union
              Statistics: Num rows: 184545096 Data size: 2952721544 Basic stats: COMPLETE Column stats: NONE
              HashTable Sink Operator
                keys:
                  0 i_item_sk (type: int)
                  1 _col2 (type: int)
        hdfs://10.0.0.4:8020/tmp/hive/ubuntu/51098872-3b99-46ab-8aa2-0d1170018fc2/hive_2016-09-29_23-03-04_464_4721029323937672351-1/-mr-10009 
          TableScan
            Union
              Statistics: Num rows: 184545096 Data size: 2952721544 Basic stats: COMPLETE Column stats: NONE
              HashTable Sink Operator
                keys:
                  0 i_item_sk (type: int)
                  1 _col2 (type: int)

  Stage: Stage-14
    Map Reduce
      Map Operator Tree:
          TableScan
            alias: item
            Statistics: Num rows: 156115 Data size: 17484880 Basic stats: COMPLETE Column stats: NONE
            Filter Operator
              predicate: (i_item_sk is not null and (i_manager_id = 1)) (type: boolean)
              Statistics: Num rows: 39029 Data size: 4371248 Basic stats: COMPLETE Column stats: NONE
              Map Join Operator
                condition map:
                     Inner Join 0 to 1
                keys:
                  0 i_item_sk (type: int)
                  1 _col2 (type: int)
                outputColumnNames: _col7, _col8, _col25, _col28
                Statistics: Num rows: 202999609 Data size: 3247993768 Basic stats: COMPLETE Column stats: NONE
                File Output Operator
                  compressed: false
                  table:
                      input format: org.apache.hadoop.mapred.SequenceFileInputFormat
                      output format: org.apache.hadoop.hive.ql.io.HiveSequenceFileOutputFormat
                      serde: org.apache.hadoop.hive.serde2.lazybinary.LazyBinarySerDe
      Local Work:
        Map Reduce Local Work

  Stage: Stage-26
    Map Reduce Local Work
      Alias -> Map Local Tables:
        time_dim 
          Fetch Operator
            limit: -1
      Alias -> Map Local Operator Tree:
        time_dim 
          TableScan
            alias: time_dim
            Statistics: Num rows: 45605 Data size: 5107780 Basic stats: COMPLETE Column stats: NONE
            Filter Operator
              predicate: (t_time_sk is not null and ((t_meal_time = 'breakfast') or (t_meal_time = 'dinner'))) (type: boolean)
              Statistics: Num rows: 22802 Data size: 2553833 Basic stats: COMPLETE Column stats: NONE
              HashTable Sink Operator
                keys:
                  0 _col28 (type: int)
                  1 t_time_sk (type: int)

  Stage: Stage-4
    Map Reduce
      Map Operator Tree:
          TableScan
            Map Join Operator
              condition map:
                   Inner Join 0 to 1
              keys:
                0 _col28 (type: int)
                1 t_time_sk (type: int)
              outputColumnNames: _col7, _col8, _col25, _col32, _col33
              Statistics: Num rows: 223299574 Data size: 3572793222 Basic stats: COMPLETE Column stats: NONE
              Select Operator
                expressions: _col8 (type: string), _col7 (type: int), _col32 (type: int), _col33 (type: int), _col25 (type: float)
                outputColumnNames: _col8, _col7, _col32, _col33, _col25
                Statistics: Num rows: 223299574 Data size: 3572793222 Basic stats: COMPLETE Column stats: NONE
                Group By Operator
                  aggregations: sum(_col25)
                  keys: _col8 (type: string), _col7 (type: int), _col32 (type: int), _col33 (type: int)
                  mode: hash
                  outputColumnNames: _col0, _col1, _col2, _col3, _col4
                  Statistics: Num rows: 223299574 Data size: 3572793222 Basic stats: COMPLETE Column stats: NONE
                  Reduce Output Operator
                    key expressions: _col0 (type: string), _col1 (type: int), _col2 (type: int), _col3 (type: int)
                    sort order: ++++
                    Map-reduce partition columns: _col0 (type: string), _col1 (type: int), _col2 (type: int), _col3 (type: int)
                    Statistics: Num rows: 223299574 Data size: 3572793222 Basic stats: COMPLETE Column stats: NONE
                    value expressions: _col4 (type: double)
      Local Work:
        Map Reduce Local Work
      Reduce Operator Tree:
        Group By Operator
          aggregations: sum(VALUE._col0)
          keys: KEY._col0 (type: string), KEY._col1 (type: int), KEY._col2 (type: int), KEY._col3 (type: int)
          mode: mergepartial
          outputColumnNames: _col0, _col1, _col2, _col3, _col4
          Statistics: Num rows: 111649787 Data size: 1786396611 Basic stats: COMPLETE Column stats: NONE
          Select Operator
            expressions: _col1 (type: int), _col0 (type: string), _col2 (type: int), _col3 (type: int), _col4 (type: double)
            outputColumnNames: _col0, _col1, _col2, _col3, _col4
            Statistics: Num rows: 111649787 Data size: 1786396611 Basic stats: COMPLETE Column stats: NONE
            File Output Operator
              compressed: false
              table:
                  input format: org.apache.hadoop.mapred.SequenceFileInputFormat
                  output format: org.apache.hadoop.hive.ql.io.HiveSequenceFileOutputFormat
                  serde: org.apache.hadoop.hive.serde2.lazybinary.LazyBinarySerDe

  Stage: Stage-5
    Map Reduce
      Map Operator Tree:
          TableScan
            Reduce Output Operator
              key expressions: _col4 (type: double), _col0 (type: int)
              sort order: -+
              Statistics: Num rows: 111649787 Data size: 1786396611 Basic stats: COMPLETE Column stats: NONE
              value expressions: _col1 (type: string), _col2 (type: int), _col3 (type: int)
      Reduce Operator Tree:
        Select Operator
          expressions: KEY.reducesinkkey1 (type: int), VALUE._col0 (type: string), VALUE._col1 (type: int), VALUE._col2 (type: int), KEY.reducesinkkey0 (type: double)
          outputColumnNames: _col0, _col1, _col2, _col3, _col4
          Statistics: Num rows: 111649787 Data size: 1786396611 Basic stats: COMPLETE Column stats: NONE
          File Output Operator
            compressed: false
            Statistics: Num rows: 111649787 Data size: 1786396611 Basic stats: COMPLETE Column stats: NONE
            table:
                input format: org.apache.hadoop.mapred.TextInputFormat
                output format: org.apache.hadoop.hive.ql.io.HiveIgnoreKeyTextOutputFormat
                serde: org.apache.hadoop.hive.serde2.lazy.LazySimpleSerDe

  Stage: Stage-28
    Map Reduce Local Work
      Alias -> Map Local Tables:
        item 
          Fetch Operator
            limit: -1
      Alias -> Map Local Operator Tree:
        item 
          TableScan
            alias: item
            Statistics: Num rows: 156115 Data size: 17484880 Basic stats: COMPLETE Column stats: NONE
            Filter Operator
              predicate: (i_item_sk is not null and (i_manager_id = 1)) (type: boolean)
              Statistics: Num rows: 39029 Data size: 4371248 Basic stats: COMPLETE Column stats: NONE
              HashTable Sink Operator
                keys:
                  0 i_item_sk (type: int)
                  1 _col2 (type: int)

  Stage: Stage-15
    Map Reduce
      Map Operator Tree:
          TableScan
            Union
              Statistics: Num rows: 184545096 Data size: 2952721544 Basic stats: COMPLETE Column stats: NONE
              Map Join Operator
                condition map:
                     Inner Join 0 to 1
                keys:
                  0 i_item_sk (type: int)
                  1 _col2 (type: int)
                outputColumnNames: _col7, _col8, _col25, _col28
                Statistics: Num rows: 202999609 Data size: 3247993768 Basic stats: COMPLETE Column stats: NONE
                File Output Operator
                  compressed: false
                  table:
                      input format: org.apache.hadoop.mapred.SequenceFileInputFormat
                      output format: org.apache.hadoop.hive.ql.io.HiveSequenceFileOutputFormat
                      serde: org.apache.hadoop.hive.serde2.lazybinary.LazyBinarySerDe
          TableScan
            Union
              Statistics: Num rows: 184545096 Data size: 2952721544 Basic stats: COMPLETE Column stats: NONE
              Map Join Operator
                condition map:
                     Inner Join 0 to 1
                keys:
                  0 i_item_sk (type: int)
                  1 _col2 (type: int)
                outputColumnNames: _col7, _col8, _col25, _col28
                Statistics: Num rows: 202999609 Data size: 3247993768 Basic stats: COMPLETE Column stats: NONE
                File Output Operator
                  compressed: false
                  table:
                      input format: org.apache.hadoop.mapred.SequenceFileInputFormat
                      output format: org.apache.hadoop.hive.ql.io.HiveSequenceFileOutputFormat
                      serde: org.apache.hadoop.hive.serde2.lazybinary.LazyBinarySerDe
          TableScan
            Union
              Statistics: Num rows: 184545096 Data size: 2952721544 Basic stats: COMPLETE Column stats: NONE
              Map Join Operator
                condition map:
                     Inner Join 0 to 1
                keys:
                  0 i_item_sk (type: int)
                  1 _col2 (type: int)
                outputColumnNames: _col7, _col8, _col25, _col28
                Statistics: Num rows: 202999609 Data size: 3247993768 Basic stats: COMPLETE Column stats: NONE
                File Output Operator
                  compressed: false
                  table:
                      input format: org.apache.hadoop.mapred.SequenceFileInputFormat
                      output format: org.apache.hadoop.hive.ql.io.HiveSequenceFileOutputFormat
                      serde: org.apache.hadoop.hive.serde2.lazybinary.LazyBinarySerDe
      Local Work:
        Map Reduce Local Work

  Stage: Stage-2
    Map Reduce
      Map Operator Tree:
          TableScan
            Union
              Statistics: Num rows: 184545096 Data size: 2952721544 Basic stats: COMPLETE Column stats: NONE
              Reduce Output Operator
                key expressions: _col2 (type: int)
                sort order: +
                Map-reduce partition columns: _col2 (type: int)
                Statistics: Num rows: 184545096 Data size: 2952721544 Basic stats: COMPLETE Column stats: NONE
                value expressions: _col0 (type: float), _col3 (type: int)
          TableScan
            Union
              Statistics: Num rows: 184545096 Data size: 2952721544 Basic stats: COMPLETE Column stats: NONE
              Reduce Output Operator
                key expressions: _col2 (type: int)
                sort order: +
                Map-reduce partition columns: _col2 (type: int)
                Statistics: Num rows: 184545096 Data size: 2952721544 Basic stats: COMPLETE Column stats: NONE
                value expressions: _col0 (type: float), _col3 (type: int)
          TableScan
            Union
              Statistics: Num rows: 184545096 Data size: 2952721544 Basic stats: COMPLETE Column stats: NONE
              Reduce Output Operator
                key expressions: _col2 (type: int)
                sort order: +
                Map-reduce partition columns: _col2 (type: int)
                Statistics: Num rows: 184545096 Data size: 2952721544 Basic stats: COMPLETE Column stats: NONE
                value expressions: _col0 (type: float), _col3 (type: int)
          TableScan
            alias: item
            Statistics: Num rows: 156115 Data size: 17484880 Basic stats: COMPLETE Column stats: NONE
            Filter Operator
              predicate: (i_item_sk is not null and (i_manager_id = 1)) (type: boolean)
              Statistics: Num rows: 39029 Data size: 4371248 Basic stats: COMPLETE Column stats: NONE
              Reduce Output Operator
                key expressions: i_item_sk (type: int)
                sort order: +
                Map-reduce partition columns: i_item_sk (type: int)
                Statistics: Num rows: 39029 Data size: 4371248 Basic stats: COMPLETE Column stats: NONE
                value expressions: i_brand_id (type: int), i_brand (type: string)
      Reduce Operator Tree:
        Join Operator
          condition map:
               Inner Join 0 to 1
          keys:
            0 i_item_sk (type: int)
            1 _col2 (type: int)
          outputColumnNames: _col7, _col8, _col25, _col28
          Statistics: Num rows: 202999609 Data size: 3247993768 Basic stats: COMPLETE Column stats: NONE
          File Output Operator
            compressed: false
            table:
                input format: org.apache.hadoop.mapred.SequenceFileInputFormat
                output format: org.apache.hadoop.hive.ql.io.HiveSequenceFileOutputFormat
                serde: org.apache.hadoop.hive.serde2.lazybinary.LazyBinarySerDe

  Stage: Stage-1
    Map Reduce
      Map Operator Tree:
          TableScan
            alias: web_sales
            Statistics: Num rows: 475447264 Data size: 7607156224 Basic stats: COMPLETE Column stats: NONE
            Filter Operator
              predicate: ((ws_sold_date_sk is not null and ws_item_sk is not null) and ws_sold_time_sk is not null) (type: boolean)
              Statistics: Num rows: 59430908 Data size: 950894528 Basic stats: COMPLETE Column stats: NONE
              Reduce Output Operator
                key expressions: ws_sold_date_sk (type: int)
                sort order: +
                Map-reduce partition columns: ws_sold_date_sk (type: int)
                Statistics: Num rows: 59430908 Data size: 950894528 Basic stats: COMPLETE Column stats: NONE
                value expressions: ws_sold_time_sk (type: int), ws_item_sk (type: int), ws_ext_sales_price (type: float)
          TableScan
            alias: date_dim
            Statistics: Num rows: 859786 Data size: 10317438 Basic stats: COMPLETE Column stats: NONE
            Filter Operator
              predicate: ((d_date_sk is not null and (d_moy = 12)) and (d_year = 2001)) (type: boolean)
              Statistics: Num rows: 107473 Data size: 1289676 Basic stats: COMPLETE Column stats: NONE
              Reduce Output Operator
                key expressions: d_date_sk (type: int)
                sort order: +
                Map-reduce partition columns: d_date_sk (type: int)
                Statistics: Num rows: 107473 Data size: 1289676 Basic stats: COMPLETE Column stats: NONE
      Reduce Operator Tree:
        Join Operator
          condition map:
               Inner Join 0 to 1
          keys:
            0 ws_sold_date_sk (type: int)
            1 d_date_sk (type: int)
          outputColumnNames: _col0, _col1, _col3, _col23, _col37
          Statistics: Num rows: 65374000 Data size: 1045984003 Basic stats: COMPLETE Column stats: NONE
          Filter Operator
            predicate: (_col37 = _col0) (type: boolean)
            Statistics: Num rows: 32687000 Data size: 522992001 Basic stats: COMPLETE Column stats: NONE
            Select Operator
              expressions: _col23 (type: float), _col3 (type: int), _col1 (type: int)
              outputColumnNames: _col0, _col2, _col3
              Statistics: Num rows: 32687000 Data size: 522992001 Basic stats: COMPLETE Column stats: NONE
              File Output Operator
                compressed: false
                table:
                    input format: org.apache.hadoop.mapred.SequenceFileInputFormat
                    output format: org.apache.hadoop.hive.ql.io.HiveSequenceFileOutputFormat
                    serde: org.apache.hadoop.hive.serde2.lazybinary.LazyBinarySerDe

  Stage: Stage-22
    Conditional Operator

  Stage: Stage-30
    Map Reduce Local Work
      Alias -> Map Local Tables:
        null-subquery1-subquery2:tmp-subquery1-subquery2:date_dim 
          Fetch Operator
            limit: -1
      Alias -> Map Local Operator Tree:
        null-subquery1-subquery2:tmp-subquery1-subquery2:date_dim 
          TableScan
            alias: date_dim
            Statistics: Num rows: 859786 Data size: 10317438 Basic stats: COMPLETE Column stats: NONE
            Filter Operator
              predicate: ((d_date_sk is not null and (d_moy = 12)) and (d_year = 2001)) (type: boolean)
              Statistics: Num rows: 107473 Data size: 1289676 Basic stats: COMPLETE Column stats: NONE
              HashTable Sink Operator
                keys:
                  0 cs_sold_date_sk (type: int)
                  1 d_date_sk (type: int)

  Stage: Stage-20
    Map Reduce
      Map Operator Tree:
          TableScan
            alias: catalog_sales
            Statistics: Num rows: 950347456 Data size: 15205559296 Basic stats: COMPLETE Column stats: NONE
            Filter Operator
              predicate: ((cs_sold_date_sk is not null and cs_item_sk is not null) and cs_sold_time_sk is not null) (type: boolean)
              Statistics: Num rows: 118793432 Data size: 1900694912 Basic stats: COMPLETE Column stats: NONE
              Map Join Operator
                condition map:
                     Inner Join 0 to 1
                keys:
                  0 cs_sold_date_sk (type: int)
                  1 d_date_sk (type: int)
                outputColumnNames: _col0, _col1, _col15, _col23, _col37
                Statistics: Num rows: 130672778 Data size: 2090764448 Basic stats: COMPLETE Column stats: NONE
                Filter Operator
                  predicate: (_col37 = _col0) (type: boolean)
                  Statistics: Num rows: 65336389 Data size: 1045382224 Basic stats: COMPLETE Column stats: NONE
                  Select Operator
                    expressions: _col23 (type: float), _col15 (type: int), _col1 (type: int)
                    outputColumnNames: _col0, _col2, _col3
                    Statistics: Num rows: 65336389 Data size: 1045382224 Basic stats: COMPLETE Column stats: NONE
                    File Output Operator
                      compressed: false
                      table:
                          input format: org.apache.hadoop.mapred.SequenceFileInputFormat
                          output format: org.apache.hadoop.hive.ql.io.HiveSequenceFileOutputFormat
                          serde: org.apache.hadoop.hive.serde2.lazybinary.LazyBinarySerDe
      Local Work:
        Map Reduce Local Work

  Stage: Stage-7
    Map Reduce
      Map Operator Tree:
          TableScan
            alias: catalog_sales
            Statistics: Num rows: 950347456 Data size: 15205559296 Basic stats: COMPLETE Column stats: NONE
            Filter Operator
              predicate: ((cs_sold_date_sk is not null and cs_item_sk is not null) and cs_sold_time_sk is not null) (type: boolean)
              Statistics: Num rows: 118793432 Data size: 1900694912 Basic stats: COMPLETE Column stats: NONE
              Reduce Output Operator
                key expressions: cs_sold_date_sk (type: int)
                sort order: +
                Map-reduce partition columns: cs_sold_date_sk (type: int)
                Statistics: Num rows: 118793432 Data size: 1900694912 Basic stats: COMPLETE Column stats: NONE
                value expressions: cs_sold_time_sk (type: int), cs_item_sk (type: int), cs_ext_sales_price (type: float)
          TableScan
            alias: date_dim
            Statistics: Num rows: 859786 Data size: 10317438 Basic stats: COMPLETE Column stats: NONE
            Filter Operator
              predicate: ((d_date_sk is not null and (d_moy = 12)) and (d_year = 2001)) (type: boolean)
              Statistics: Num rows: 107473 Data size: 1289676 Basic stats: COMPLETE Column stats: NONE
              Reduce Output Operator
                key expressions: d_date_sk (type: int)
                sort order: +
                Map-reduce partition columns: d_date_sk (type: int)
                Statistics: Num rows: 107473 Data size: 1289676 Basic stats: COMPLETE Column stats: NONE
      Reduce Operator Tree:
        Join Operator
          condition map:
               Inner Join 0 to 1
          keys:
            0 cs_sold_date_sk (type: int)
            1 d_date_sk (type: int)
          outputColumnNames: _col0, _col1, _col15, _col23, _col37
          Statistics: Num rows: 130672778 Data size: 2090764448 Basic stats: COMPLETE Column stats: NONE
          Filter Operator
            predicate: (_col37 = _col0) (type: boolean)
            Statistics: Num rows: 65336389 Data size: 1045382224 Basic stats: COMPLETE Column stats: NONE
            Select Operator
              expressions: _col23 (type: float), _col15 (type: int), _col1 (type: int)
              outputColumnNames: _col0, _col2, _col3
              Statistics: Num rows: 65336389 Data size: 1045382224 Basic stats: COMPLETE Column stats: NONE
              File Output Operator
                compressed: false
                table:
                    input format: org.apache.hadoop.mapred.SequenceFileInputFormat
                    output format: org.apache.hadoop.hive.ql.io.HiveSequenceFileOutputFormat
                    serde: org.apache.hadoop.hive.serde2.lazybinary.LazyBinarySerDe

  Stage: Stage-25
    Conditional Operator

  Stage: Stage-31
    Map Reduce Local Work
      Alias -> Map Local Tables:
        null-subquery2:tmp-subquery2:date_dim 
          Fetch Operator
            limit: -1
      Alias -> Map Local Operator Tree:
        null-subquery2:tmp-subquery2:date_dim 
          TableScan
            alias: date_dim
            Statistics: Num rows: 859786 Data size: 10317438 Basic stats: COMPLETE Column stats: NONE
            Filter Operator
              predicate: ((d_date_sk is not null and (d_moy = 12)) and (d_year = 2001)) (type: boolean)
              Statistics: Num rows: 107473 Data size: 1289676 Basic stats: COMPLETE Column stats: NONE
              HashTable Sink Operator
                keys:
                  0 ss_sold_date_sk (type: int)
                  1 d_date_sk (type: int)

  Stage: Stage-23
    Map Reduce
      Map Operator Tree:
          TableScan
            alias: store_sales
            Statistics: Num rows: 1258497536 Data size: 20135960576 Basic stats: COMPLETE Column stats: NONE
            Filter Operator
              predicate: ((ss_sold_date_sk is not null and ss_item_sk is not null) and ss_sold_time_sk is not null) (type: boolean)
              Statistics: Num rows: 157312192 Data size: 2516995072 Basic stats: COMPLETE Column stats: NONE
              Map Join Operator
                condition map:
                     Inner Join 0 to 1
                keys:
                  0 ss_sold_date_sk (type: int)
                  1 d_date_sk (type: int)
                outputColumnNames: _col0, _col1, _col2, _col15, _col26
                Statistics: Num rows: 173043414 Data size: 2768694639 Basic stats: COMPLETE Column stats: NONE
                Filter Operator
                  predicate: (_col26 = _col0) (type: boolean)
                  Statistics: Num rows: 86521707 Data size: 1384347319 Basic stats: COMPLETE Column stats: NONE
                  Select Operator
                    expressions: _col15 (type: float), _col2 (type: int), _col1 (type: int)
                    outputColumnNames: _col0, _col2, _col3
                    Statistics: Num rows: 86521707 Data size: 1384347319 Basic stats: COMPLETE Column stats: NONE
                    File Output Operator
                      compressed: false
                      table:
                          input format: org.apache.hadoop.mapred.SequenceFileInputFormat
                          output format: org.apache.hadoop.hive.ql.io.HiveSequenceFileOutputFormat
                          serde: org.apache.hadoop.hive.serde2.lazybinary.LazyBinarySerDe
      Local Work:
        Map Reduce Local Work

  Stage: Stage-9
    Map Reduce
      Map Operator Tree:
          TableScan
            alias: store_sales
            Statistics: Num rows: 1258497536 Data size: 20135960576 Basic stats: COMPLETE Column stats: NONE
            Filter Operator
              predicate: ((ss_sold_date_sk is not null and ss_item_sk is not null) and ss_sold_time_sk is not null) (type: boolean)
              Statistics: Num rows: 157312192 Data size: 2516995072 Basic stats: COMPLETE Column stats: NONE
              Reduce Output Operator
                key expressions: ss_sold_date_sk (type: int)
                sort order: +
                Map-reduce partition columns: ss_sold_date_sk (type: int)
                Statistics: Num rows: 157312192 Data size: 2516995072 Basic stats: COMPLETE Column stats: NONE
                value expressions: ss_sold_time_sk (type: int), ss_item_sk (type: int), ss_ext_sales_price (type: float)
          TableScan
            alias: date_dim
            Statistics: Num rows: 859786 Data size: 10317438 Basic stats: COMPLETE Column stats: NONE
            Filter Operator
              predicate: ((d_date_sk is not null and (d_moy = 12)) and (d_year = 2001)) (type: boolean)
              Statistics: Num rows: 107473 Data size: 1289676 Basic stats: COMPLETE Column stats: NONE
              Reduce Output Operator
                key expressions: d_date_sk (type: int)
                sort order: +
                Map-reduce partition columns: d_date_sk (type: int)
                Statistics: Num rows: 107473 Data size: 1289676 Basic stats: COMPLETE Column stats: NONE
      Reduce Operator Tree:
        Join Operator
          condition map:
               Inner Join 0 to 1
          keys:
            0 ss_sold_date_sk (type: int)
            1 d_date_sk (type: int)
          outputColumnNames: _col0, _col1, _col2, _col15, _col26
          Statistics: Num rows: 173043414 Data size: 2768694639 Basic stats: COMPLETE Column stats: NONE
          Filter Operator
            predicate: (_col26 = _col0) (type: boolean)
            Statistics: Num rows: 86521707 Data size: 1384347319 Basic stats: COMPLETE Column stats: NONE
            Select Operator
              expressions: _col15 (type: float), _col2 (type: int), _col1 (type: int)
              outputColumnNames: _col0, _col2, _col3
              Statistics: Num rows: 86521707 Data size: 1384347319 Basic stats: COMPLETE Column stats: NONE
              File Output Operator
                compressed: false
                table:
                    input format: org.apache.hadoop.mapred.SequenceFileInputFormat
                    output format: org.apache.hadoop.hive.ql.io.HiveSequenceFileOutputFormat
                    serde: org.apache.hadoop.hive.serde2.lazybinary.LazyBinarySerDe

  Stage: Stage-0
    Fetch Operator
      limit: -1
      Processor Tree:
        ListSink

