STAGE DEPENDENCIES:
  Stage-20 is a root stage , consists of Stage-1
  Stage-1
  Stage-25 depends on stages: Stage-1
  Stage-17 depends on stages: Stage-25
  Stage-16 depends on stages: Stage-17 , consists of Stage-23, Stage-24, Stage-3
  Stage-23 has a backup stage: Stage-3
  Stage-14 depends on stages: Stage-23
  Stage-13 depends on stages: Stage-3, Stage-14, Stage-15 , consists of Stage-21, Stage-22, Stage-4
  Stage-21 has a backup stage: Stage-4
  Stage-11 depends on stages: Stage-21
  Stage-5 depends on stages: Stage-4, Stage-11, Stage-12
  Stage-6 depends on stages: Stage-5
  Stage-22 has a backup stage: Stage-4
  Stage-12 depends on stages: Stage-22
  Stage-4
  Stage-24 has a backup stage: Stage-3
  Stage-15 depends on stages: Stage-24
  Stage-3
  Stage-0 depends on stages: Stage-6

STAGE PLANS:
  Stage: Stage-20
    Conditional Operator

  Stage: Stage-1
    Map Reduce
      Map Operator Tree:
          TableScan
            alias: store_sales
            Statistics: Num rows: 1006798028 Data size: 20135960576 Basic stats: COMPLETE Column stats: NONE
            Filter Operator
              predicate: ((((ss_ticket_number is not null and ss_item_sk is not null) and ss_customer_sk is not null) and ss_store_sk is not null) and ss_sold_date_sk is not null) (type: boolean)
              Statistics: Num rows: 31462439 Data size: 629248780 Basic stats: COMPLETE Column stats: NONE
              Reduce Output Operator
                key expressions: ss_ticket_number (type: int), ss_item_sk (type: int), ss_customer_sk (type: int)
                sort order: +++
                Map-reduce partition columns: ss_ticket_number (type: int), ss_item_sk (type: int), ss_customer_sk (type: int)
                Statistics: Num rows: 31462439 Data size: 629248780 Basic stats: COMPLETE Column stats: NONE
                value expressions: ss_sold_date_sk (type: int), ss_store_sk (type: int)
          TableScan
            alias: store_returns
            Statistics: Num rows: 106697368 Data size: 1707157888 Basic stats: COMPLETE Column stats: NONE
            Filter Operator
              predicate: (((sr_ticket_number is not null and sr_item_sk is not null) and sr_customer_sk is not null) and sr_returned_date_sk is not null) (type: boolean)
              Statistics: Num rows: 6668586 Data size: 106697375 Basic stats: COMPLETE Column stats: NONE
              Reduce Output Operator
                key expressions: sr_ticket_number (type: int), sr_item_sk (type: int), sr_customer_sk (type: int)
                sort order: +++
                Map-reduce partition columns: sr_ticket_number (type: int), sr_item_sk (type: int), sr_customer_sk (type: int)
                Statistics: Num rows: 6668586 Data size: 106697375 Basic stats: COMPLETE Column stats: NONE
                value expressions: sr_returned_date_sk (type: int)
      Reduce Operator Tree:
        Join Operator
          condition map:
               Inner Join 0 to 1
          keys:
            0 ss_ticket_number (type: int), ss_item_sk (type: int), ss_customer_sk (type: int)
            1 sr_ticket_number (type: int), sr_item_sk (type: int), sr_customer_sk (type: int)
          outputColumnNames: _col0, _col2, _col3, _col7, _col9, _col26, _col28, _col29, _col35
          Statistics: Num rows: 34608683 Data size: 692173673 Basic stats: COMPLETE Column stats: NONE
          File Output Operator
            compressed: false
            table:
                input format: org.apache.hadoop.mapred.SequenceFileInputFormat
                output format: org.apache.hadoop.hive.ql.io.HiveSequenceFileOutputFormat
                serde: org.apache.hadoop.hive.serde2.lazybinary.LazyBinarySerDe

  Stage: Stage-25
    Map Reduce Local Work
      Alias -> Map Local Tables:
        store 
          Fetch Operator
            limit: -1
      Alias -> Map Local Operator Tree:
        store 
          TableScan
            alias: store
            Statistics: Num rows: 42 Data size: 38462 Basic stats: COMPLETE Column stats: NONE
            Filter Operator
              predicate: s_store_sk is not null (type: boolean)
              Statistics: Num rows: 21 Data size: 19231 Basic stats: COMPLETE Column stats: NONE
              HashTable Sink Operator
                keys:
                  0 _col7 (type: int)
                  1 s_store_sk (type: int)

  Stage: Stage-17
    Map Reduce
      Map Operator Tree:
          TableScan
            Map Join Operator
              condition map:
                   Inner Join 0 to 1
              keys:
                0 _col7 (type: int)
                1 s_store_sk (type: int)
              outputColumnNames: _col0, _col2, _col3, _col7, _col9, _col26, _col28, _col29, _col35, _col49, _col54, _col65, _col67, _col68, _col69, _col70, _col71, _col72, _col73, _col74
              Statistics: Num rows: 38069552 Data size: 761391056 Basic stats: COMPLETE Column stats: NONE
              File Output Operator
                compressed: false
                table:
                    input format: org.apache.hadoop.mapred.SequenceFileInputFormat
                    output format: org.apache.hadoop.hive.ql.io.HiveSequenceFileOutputFormat
                    serde: org.apache.hadoop.hive.serde2.lazybinary.LazyBinarySerDe
      Local Work:
        Map Reduce Local Work

  Stage: Stage-16
    Conditional Operator

  Stage: Stage-23
    Map Reduce Local Work
      Alias -> Map Local Tables:
        d1 
          Fetch Operator
            limit: -1
      Alias -> Map Local Operator Tree:
        d1 
          TableScan
            alias: d1
            Statistics: Num rows: 2579359 Data size: 10317438 Basic stats: COMPLETE Column stats: NONE
            Filter Operator
              predicate: d_date_sk is not null (type: boolean)
              Statistics: Num rows: 1289680 Data size: 5158721 Basic stats: COMPLETE Column stats: NONE
              HashTable Sink Operator
                keys:
                  0 _col0 (type: int)
                  1 d_date_sk (type: int)

  Stage: Stage-14
    Map Reduce
      Map Operator Tree:
          TableScan
            Map Join Operator
              condition map:
                   Inner Join 0 to 1
              keys:
                0 _col0 (type: int)
                1 d_date_sk (type: int)
              outputColumnNames: _col0, _col2, _col3, _col7, _col9, _col26, _col28, _col29, _col35, _col49, _col54, _col65, _col67, _col68, _col69, _col70, _col71, _col72, _col73, _col74, _col81
              Statistics: Num rows: 41876508 Data size: 837530179 Basic stats: COMPLETE Column stats: NONE
              File Output Operator
                compressed: false
                table:
                    input format: org.apache.hadoop.mapred.SequenceFileInputFormat
                    output format: org.apache.hadoop.hive.ql.io.HiveSequenceFileOutputFormat
                    serde: org.apache.hadoop.hive.serde2.lazybinary.LazyBinarySerDe
      Local Work:
        Map Reduce Local Work

  Stage: Stage-13
    Conditional Operator

  Stage: Stage-21
    Map Reduce Local Work
      Alias -> Map Local Tables:
        d2 
          Fetch Operator
            limit: -1
      Alias -> Map Local Operator Tree:
        d2 
          TableScan
            alias: d2
            Statistics: Num rows: 859786 Data size: 10317438 Basic stats: COMPLETE Column stats: NONE
            Filter Operator
              predicate: ((d_date_sk is not null and (d_year = 2000)) and (d_moy = 9)) (type: boolean)
              Statistics: Num rows: 107473 Data size: 1289676 Basic stats: COMPLETE Column stats: NONE
              HashTable Sink Operator
                keys:
                  0 _col26 (type: int)
                  1 d_date_sk (type: int)

  Stage: Stage-11
    Map Reduce
      Map Operator Tree:
          TableScan
            Map Join Operator
              condition map:
                   Inner Join 0 to 1
              keys:
                0 _col26 (type: int)
                1 d_date_sk (type: int)
              outputColumnNames: _col0, _col2, _col3, _col7, _col9, _col26, _col28, _col29, _col35, _col49, _col54, _col65, _col67, _col68, _col69, _col70, _col71, _col72, _col73, _col74, _col81, _col112
              Statistics: Num rows: 46064159 Data size: 921283216 Basic stats: COMPLETE Column stats: NONE
              Filter Operator
                predicate: ((((((_col9 = _col35) and (_col2 = _col28)) and (_col0 = _col81)) and (_col26 = _col112)) and (_col3 = _col29)) and (_col7 = _col49)) (type: boolean)
                Statistics: Num rows: 719752 Data size: 14395040 Basic stats: COMPLETE Column stats: NONE
                Select Operator
                  expressions: _col54 (type: string), _col65 (type: int), _col67 (type: string), _col68 (type: string), _col69 (type: string), _col70 (type: string), _col71 (type: string), _col72 (type: string), _col73 (type: string), _col74 (type: string), _col26 (type: int), _col0 (type: int)
                  outputColumnNames: _col54, _col65, _col67, _col68, _col69, _col70, _col71, _col72, _col73, _col74, _col26, _col0
                  Statistics: Num rows: 719752 Data size: 14395040 Basic stats: COMPLETE Column stats: NONE
                  Group By Operator
                    aggregations: sum(CASE WHEN (((_col26 - _col0) <= 30)) THEN (1) ELSE (0) END), sum(CASE WHEN ((((_col26 - _col0) > 30) and ((_col26 - _col0) <= 60))) THEN (1) ELSE (0) END), sum(CASE WHEN ((((_col26 - _col0) > 60) and ((_col26 - _col0) <= 90))) THEN (1) ELSE (0) END), sum(CASE WHEN ((((_col26 - _col0) > 90) and ((_col26 - _col0) <= 120))) THEN (1) ELSE (0) END), sum(CASE WHEN (((_col26 - _col0) > 120)) THEN (1) ELSE (0) END)
                    keys: _col54 (type: string), _col65 (type: int), _col67 (type: string), _col68 (type: string), _col69 (type: string), _col70 (type: string), _col71 (type: string), _col72 (type: string), _col73 (type: string), _col74 (type: string)
                    mode: hash
                    outputColumnNames: _col0, _col1, _col2, _col3, _col4, _col5, _col6, _col7, _col8, _col9, _col10, _col11, _col12, _col13, _col14
                    Statistics: Num rows: 719752 Data size: 14395040 Basic stats: COMPLETE Column stats: NONE
                    File Output Operator
                      compressed: false
                      table:
                          input format: org.apache.hadoop.mapred.SequenceFileInputFormat
                          output format: org.apache.hadoop.hive.ql.io.HiveSequenceFileOutputFormat
                          serde: org.apache.hadoop.hive.serde2.lazybinary.LazyBinarySerDe
      Local Work:
        Map Reduce Local Work

  Stage: Stage-5
    Map Reduce
      Map Operator Tree:
          TableScan
            Reduce Output Operator
              key expressions: _col0 (type: string), _col1 (type: int), _col2 (type: string), _col3 (type: string), _col4 (type: string), _col5 (type: string), _col6 (type: string), _col7 (type: string), _col8 (type: string), _col9 (type: string)
              sort order: ++++++++++
              Map-reduce partition columns: _col0 (type: string), _col1 (type: int), _col2 (type: string), _col3 (type: string), _col4 (type: string), _col5 (type: string), _col6 (type: string), _col7 (type: string), _col8 (type: string), _col9 (type: string)
              Statistics: Num rows: 719752 Data size: 14395040 Basic stats: COMPLETE Column stats: NONE
              value expressions: _col10 (type: bigint), _col11 (type: bigint), _col12 (type: bigint), _col13 (type: bigint), _col14 (type: bigint)
      Reduce Operator Tree:
        Group By Operator
          aggregations: sum(VALUE._col0), sum(VALUE._col1), sum(VALUE._col2), sum(VALUE._col3), sum(VALUE._col4)
          keys: KEY._col0 (type: string), KEY._col1 (type: int), KEY._col2 (type: string), KEY._col3 (type: string), KEY._col4 (type: string), KEY._col5 (type: string), KEY._col6 (type: string), KEY._col7 (type: string), KEY._col8 (type: string), KEY._col9 (type: string)
          mode: mergepartial
          outputColumnNames: _col0, _col1, _col2, _col3, _col4, _col5, _col6, _col7, _col8, _col9, _col10, _col11, _col12, _col13, _col14
          Statistics: Num rows: 359876 Data size: 7197520 Basic stats: COMPLETE Column stats: NONE
          File Output Operator
            compressed: false
            table:
                input format: org.apache.hadoop.mapred.SequenceFileInputFormat
                output format: org.apache.hadoop.hive.ql.io.HiveSequenceFileOutputFormat
                serde: org.apache.hadoop.hive.serde2.lazybinary.LazyBinarySerDe

  Stage: Stage-6
    Map Reduce
      Map Operator Tree:
          TableScan
            Reduce Output Operator
              key expressions: _col0 (type: string), _col1 (type: int), _col2 (type: string), _col3 (type: string), _col4 (type: string), _col5 (type: string), _col6 (type: string), _col7 (type: string), _col8 (type: string), _col9 (type: string)
              sort order: ++++++++++
              Statistics: Num rows: 359876 Data size: 7197520 Basic stats: COMPLETE Column stats: NONE
              value expressions: _col10 (type: bigint), _col11 (type: bigint), _col12 (type: bigint), _col13 (type: bigint), _col14 (type: bigint)
      Reduce Operator Tree:
        Select Operator
          expressions: KEY.reducesinkkey0 (type: string), KEY.reducesinkkey1 (type: int), KEY.reducesinkkey2 (type: string), KEY.reducesinkkey3 (type: string), KEY.reducesinkkey4 (type: string), KEY.reducesinkkey5 (type: string), KEY.reducesinkkey6 (type: string), KEY.reducesinkkey7 (type: string), KEY.reducesinkkey8 (type: string), KEY.reducesinkkey9 (type: string), VALUE._col0 (type: bigint), VALUE._col1 (type: bigint), VALUE._col2 (type: bigint), VALUE._col3 (type: bigint), VALUE._col4 (type: bigint)
          outputColumnNames: _col0, _col1, _col2, _col3, _col4, _col5, _col6, _col7, _col8, _col9, _col10, _col11, _col12, _col13, _col14
          Statistics: Num rows: 359876 Data size: 7197520 Basic stats: COMPLETE Column stats: NONE
          Limit
            Number of rows: 100
            Statistics: Num rows: 100 Data size: 2000 Basic stats: COMPLETE Column stats: NONE
            File Output Operator
              compressed: false
              Statistics: Num rows: 100 Data size: 2000 Basic stats: COMPLETE Column stats: NONE
              table:
                  input format: org.apache.hadoop.mapred.TextInputFormat
                  output format: org.apache.hadoop.hive.ql.io.HiveIgnoreKeyTextOutputFormat
                  serde: org.apache.hadoop.hive.serde2.lazy.LazySimpleSerDe

  Stage: Stage-22
    Map Reduce Local Work
      Alias -> Map Local Tables:
        $INTNAME 
          Fetch Operator
            limit: -1
      Alias -> Map Local Operator Tree:
        $INTNAME 
          TableScan
            HashTable Sink Operator
              keys:
                0 _col26 (type: int)
                1 d_date_sk (type: int)

  Stage: Stage-12
    Map Reduce
      Map Operator Tree:
          TableScan
            alias: d2
            Statistics: Num rows: 859786 Data size: 10317438 Basic stats: COMPLETE Column stats: NONE
            Filter Operator
              predicate: ((d_date_sk is not null and (d_year = 2000)) and (d_moy = 9)) (type: boolean)
              Statistics: Num rows: 107473 Data size: 1289676 Basic stats: COMPLETE Column stats: NONE
              Map Join Operator
                condition map:
                     Inner Join 0 to 1
                keys:
                  0 _col26 (type: int)
                  1 d_date_sk (type: int)
                outputColumnNames: _col0, _col2, _col3, _col7, _col9, _col26, _col28, _col29, _col35, _col49, _col54, _col65, _col67, _col68, _col69, _col70, _col71, _col72, _col73, _col74, _col81, _col112
                Statistics: Num rows: 46064159 Data size: 921283216 Basic stats: COMPLETE Column stats: NONE
                Filter Operator
                  predicate: ((((((_col9 = _col35) and (_col2 = _col28)) and (_col0 = _col81)) and (_col26 = _col112)) and (_col3 = _col29)) and (_col7 = _col49)) (type: boolean)
                  Statistics: Num rows: 719752 Data size: 14395040 Basic stats: COMPLETE Column stats: NONE
                  Select Operator
                    expressions: _col54 (type: string), _col65 (type: int), _col67 (type: string), _col68 (type: string), _col69 (type: string), _col70 (type: string), _col71 (type: string), _col72 (type: string), _col73 (type: string), _col74 (type: string), _col26 (type: int), _col0 (type: int)
                    outputColumnNames: _col54, _col65, _col67, _col68, _col69, _col70, _col71, _col72, _col73, _col74, _col26, _col0
                    Statistics: Num rows: 719752 Data size: 14395040 Basic stats: COMPLETE Column stats: NONE
                    Group By Operator
                      aggregations: sum(CASE WHEN (((_col26 - _col0) <= 30)) THEN (1) ELSE (0) END), sum(CASE WHEN ((((_col26 - _col0) > 30) and ((_col26 - _col0) <= 60))) THEN (1) ELSE (0) END), sum(CASE WHEN ((((_col26 - _col0) > 60) and ((_col26 - _col0) <= 90))) THEN (1) ELSE (0) END), sum(CASE WHEN ((((_col26 - _col0) > 90) and ((_col26 - _col0) <= 120))) THEN (1) ELSE (0) END), sum(CASE WHEN (((_col26 - _col0) > 120)) THEN (1) ELSE (0) END)
                      keys: _col54 (type: string), _col65 (type: int), _col67 (type: string), _col68 (type: string), _col69 (type: string), _col70 (type: string), _col71 (type: string), _col72 (type: string), _col73 (type: string), _col74 (type: string)
                      mode: hash
                      outputColumnNames: _col0, _col1, _col2, _col3, _col4, _col5, _col6, _col7, _col8, _col9, _col10, _col11, _col12, _col13, _col14
                      Statistics: Num rows: 719752 Data size: 14395040 Basic stats: COMPLETE Column stats: NONE
                      File Output Operator
                        compressed: false
                        table:
                            input format: org.apache.hadoop.mapred.SequenceFileInputFormat
                            output format: org.apache.hadoop.hive.ql.io.HiveSequenceFileOutputFormat
                            serde: org.apache.hadoop.hive.serde2.lazybinary.LazyBinarySerDe
      Local Work:
        Map Reduce Local Work

  Stage: Stage-4
    Map Reduce
      Map Operator Tree:
          TableScan
            Reduce Output Operator
              key expressions: _col26 (type: int)
              sort order: +
              Map-reduce partition columns: _col26 (type: int)
              Statistics: Num rows: 41876508 Data size: 837530179 Basic stats: COMPLETE Column stats: NONE
              value expressions: _col0 (type: int), _col2 (type: int), _col3 (type: int), _col7 (type: int), _col9 (type: int), _col28 (type: int), _col29 (type: int), _col35 (type: int), _col49 (type: int), _col54 (type: string), _col65 (type: int), _col67 (type: string), _col68 (type: string), _col69 (type: string), _col70 (type: string), _col71 (type: string), _col72 (type: string), _col73 (type: string), _col74 (type: string), _col81 (type: int)
          TableScan
            alias: d2
            Statistics: Num rows: 859786 Data size: 10317438 Basic stats: COMPLETE Column stats: NONE
            Filter Operator
              predicate: ((d_date_sk is not null and (d_year = 2000)) and (d_moy = 9)) (type: boolean)
              Statistics: Num rows: 107473 Data size: 1289676 Basic stats: COMPLETE Column stats: NONE
              Reduce Output Operator
                key expressions: d_date_sk (type: int)
                sort order: +
                Map-reduce partition columns: d_date_sk (type: int)
                Statistics: Num rows: 107473 Data size: 1289676 Basic stats: COMPLETE Column stats: NONE
      Reduce Operator Tree:
        Join Operator
          condition map:
               Inner Join 0 to 1
          keys:
            0 _col26 (type: int)
            1 d_date_sk (type: int)
          outputColumnNames: _col0, _col2, _col3, _col7, _col9, _col26, _col28, _col29, _col35, _col49, _col54, _col65, _col67, _col68, _col69, _col70, _col71, _col72, _col73, _col74, _col81, _col112
          Statistics: Num rows: 46064159 Data size: 921283216 Basic stats: COMPLETE Column stats: NONE
          Filter Operator
            predicate: ((((((_col9 = _col35) and (_col2 = _col28)) and (_col0 = _col81)) and (_col26 = _col112)) and (_col3 = _col29)) and (_col7 = _col49)) (type: boolean)
            Statistics: Num rows: 719752 Data size: 14395040 Basic stats: COMPLETE Column stats: NONE
            Select Operator
              expressions: _col54 (type: string), _col65 (type: int), _col67 (type: string), _col68 (type: string), _col69 (type: string), _col70 (type: string), _col71 (type: string), _col72 (type: string), _col73 (type: string), _col74 (type: string), _col26 (type: int), _col0 (type: int)
              outputColumnNames: _col54, _col65, _col67, _col68, _col69, _col70, _col71, _col72, _col73, _col74, _col26, _col0
              Statistics: Num rows: 719752 Data size: 14395040 Basic stats: COMPLETE Column stats: NONE
              Group By Operator
                aggregations: sum(CASE WHEN (((_col26 - _col0) <= 30)) THEN (1) ELSE (0) END), sum(CASE WHEN ((((_col26 - _col0) > 30) and ((_col26 - _col0) <= 60))) THEN (1) ELSE (0) END), sum(CASE WHEN ((((_col26 - _col0) > 60) and ((_col26 - _col0) <= 90))) THEN (1) ELSE (0) END), sum(CASE WHEN ((((_col26 - _col0) > 90) and ((_col26 - _col0) <= 120))) THEN (1) ELSE (0) END), sum(CASE WHEN (((_col26 - _col0) > 120)) THEN (1) ELSE (0) END)
                keys: _col54 (type: string), _col65 (type: int), _col67 (type: string), _col68 (type: string), _col69 (type: string), _col70 (type: string), _col71 (type: string), _col72 (type: string), _col73 (type: string), _col74 (type: string)
                mode: hash
                outputColumnNames: _col0, _col1, _col2, _col3, _col4, _col5, _col6, _col7, _col8, _col9, _col10, _col11, _col12, _col13, _col14
                Statistics: Num rows: 719752 Data size: 14395040 Basic stats: COMPLETE Column stats: NONE
                File Output Operator
                  compressed: false
                  table:
                      input format: org.apache.hadoop.mapred.SequenceFileInputFormat
                      output format: org.apache.hadoop.hive.ql.io.HiveSequenceFileOutputFormat
                      serde: org.apache.hadoop.hive.serde2.lazybinary.LazyBinarySerDe

  Stage: Stage-24
    Map Reduce Local Work
      Alias -> Map Local Tables:
        $INTNAME 
          Fetch Operator
            limit: -1
      Alias -> Map Local Operator Tree:
        $INTNAME 
          TableScan
            HashTable Sink Operator
              keys:
                0 _col0 (type: int)
                1 d_date_sk (type: int)

  Stage: Stage-15
    Map Reduce
      Map Operator Tree:
          TableScan
            alias: d1
            Statistics: Num rows: 2579359 Data size: 10317438 Basic stats: COMPLETE Column stats: NONE
            Filter Operator
              predicate: d_date_sk is not null (type: boolean)
              Statistics: Num rows: 1289680 Data size: 5158721 Basic stats: COMPLETE Column stats: NONE
              Map Join Operator
                condition map:
                     Inner Join 0 to 1
                keys:
                  0 _col0 (type: int)
                  1 d_date_sk (type: int)
                outputColumnNames: _col0, _col2, _col3, _col7, _col9, _col26, _col28, _col29, _col35, _col49, _col54, _col65, _col67, _col68, _col69, _col70, _col71, _col72, _col73, _col74, _col81
                Statistics: Num rows: 41876508 Data size: 837530179 Basic stats: COMPLETE Column stats: NONE
                File Output Operator
                  compressed: false
                  table:
                      input format: org.apache.hadoop.mapred.SequenceFileInputFormat
                      output format: org.apache.hadoop.hive.ql.io.HiveSequenceFileOutputFormat
                      serde: org.apache.hadoop.hive.serde2.lazybinary.LazyBinarySerDe
      Local Work:
        Map Reduce Local Work

  Stage: Stage-3
    Map Reduce
      Map Operator Tree:
          TableScan
            Reduce Output Operator
              key expressions: _col0 (type: int)
              sort order: +
              Map-reduce partition columns: _col0 (type: int)
              Statistics: Num rows: 38069552 Data size: 761391056 Basic stats: COMPLETE Column stats: NONE
              value expressions: _col2 (type: int), _col3 (type: int), _col7 (type: int), _col9 (type: int), _col26 (type: int), _col28 (type: int), _col29 (type: int), _col35 (type: int), _col49 (type: int), _col54 (type: string), _col65 (type: int), _col67 (type: string), _col68 (type: string), _col69 (type: string), _col70 (type: string), _col71 (type: string), _col72 (type: string), _col73 (type: string), _col74 (type: string)
          TableScan
            alias: d1
            Statistics: Num rows: 2579359 Data size: 10317438 Basic stats: COMPLETE Column stats: NONE
            Filter Operator
              predicate: d_date_sk is not null (type: boolean)
              Statistics: Num rows: 1289680 Data size: 5158721 Basic stats: COMPLETE Column stats: NONE
              Reduce Output Operator
                key expressions: d_date_sk (type: int)
                sort order: +
                Map-reduce partition columns: d_date_sk (type: int)
                Statistics: Num rows: 1289680 Data size: 5158721 Basic stats: COMPLETE Column stats: NONE
      Reduce Operator Tree:
        Join Operator
          condition map:
               Inner Join 0 to 1
          keys:
            0 _col0 (type: int)
            1 d_date_sk (type: int)
          outputColumnNames: _col0, _col2, _col3, _col7, _col9, _col26, _col28, _col29, _col35, _col49, _col54, _col65, _col67, _col68, _col69, _col70, _col71, _col72, _col73, _col74, _col81
          Statistics: Num rows: 41876508 Data size: 837530179 Basic stats: COMPLETE Column stats: NONE
          File Output Operator
            compressed: false
            table:
                input format: org.apache.hadoop.mapred.SequenceFileInputFormat
                output format: org.apache.hadoop.hive.ql.io.HiveSequenceFileOutputFormat
                serde: org.apache.hadoop.hive.serde2.lazybinary.LazyBinarySerDe

  Stage: Stage-0
    Fetch Operator
      limit: 100
      Processor Tree:
        ListSink

