STAGE DEPENDENCIES:
  Stage-20 is a root stage
  Stage-15 depends on stages: Stage-20
  Stage-14 depends on stages: Stage-15 , consists of Stage-18, Stage-19, Stage-2
  Stage-18 has a backup stage: Stage-2
  Stage-12 depends on stages: Stage-18
  Stage-11 depends on stages: Stage-2, Stage-12, Stage-13 , consists of Stage-16, Stage-17, Stage-3
  Stage-16 has a backup stage: Stage-3
  Stage-9 depends on stages: Stage-16
  Stage-4 depends on stages: Stage-3, Stage-9, Stage-10
  Stage-5 depends on stages: Stage-4
  Stage-17 has a backup stage: Stage-3
  Stage-10 depends on stages: Stage-17
  Stage-3
  Stage-19 has a backup stage: Stage-2
  Stage-13 depends on stages: Stage-19
  Stage-2
  Stage-0 depends on stages: Stage-5

STAGE PLANS:
  Stage: Stage-20
    Map Reduce Local Work
      Alias -> Map Local Tables:
        x:warehouse 
          Fetch Operator
            limit: -1
      Alias -> Map Local Operator Tree:
        x:warehouse 
          TableScan
            alias: warehouse
            Statistics: Num rows: 7 Data size: 826 Basic stats: COMPLETE Column stats: NONE
            Filter Operator
              predicate: w_warehouse_sk is not null (type: boolean)
              Statistics: Num rows: 4 Data size: 472 Basic stats: COMPLETE Column stats: NONE
              HashTable Sink Operator
                keys:
                  0 inv_warehouse_sk (type: int)
                  1 w_warehouse_sk (type: int)

  Stage: Stage-15
    Map Reduce
      Map Operator Tree:
          TableScan
            alias: inventory
            Statistics: Num rows: 72806832 Data size: 1164909312 Basic stats: COMPLETE Column stats: NONE
            Filter Operator
              predicate: ((inv_warehouse_sk is not null and inv_item_sk is not null) and inv_date_sk is not null) (type: boolean)
              Statistics: Num rows: 9100854 Data size: 145613664 Basic stats: COMPLETE Column stats: NONE
              Map Join Operator
                condition map:
                     Inner Join 0 to 1
                keys:
                  0 inv_warehouse_sk (type: int)
                  1 w_warehouse_sk (type: int)
                outputColumnNames: _col0, _col1, _col2, _col3, _col7, _col9
                Statistics: Num rows: 10010939 Data size: 160175033 Basic stats: COMPLETE Column stats: NONE
                File Output Operator
                  compressed: false
                  table:
                      input format: org.apache.hadoop.mapred.SequenceFileInputFormat
                      output format: org.apache.hadoop.hive.ql.io.HiveSequenceFileOutputFormat
                      serde: org.apache.hadoop.hive.serde2.lazybinary.LazyBinarySerDe
      Local Work:
        Map Reduce Local Work

  Stage: Stage-14
    Conditional Operator

  Stage: Stage-18
    Map Reduce Local Work
      Alias -> Map Local Tables:
        x:item 
          Fetch Operator
            limit: -1
      Alias -> Map Local Operator Tree:
        x:item 
          TableScan
            alias: item
            Statistics: Num rows: 161897 Data size: 17484880 Basic stats: COMPLETE Column stats: NONE
            Filter Operator
              predicate: (i_item_sk is not null and i_current_price BETWEEN 0.99 AND 1.49) (type: boolean)
              Statistics: Num rows: 40474 Data size: 4371192 Basic stats: COMPLETE Column stats: NONE
              HashTable Sink Operator
                keys:
                  0 _col1 (type: int)
                  1 i_item_sk (type: int)

  Stage: Stage-12
    Map Reduce
      Map Operator Tree:
          TableScan
            Map Join Operator
              condition map:
                   Inner Join 0 to 1
              keys:
                0 _col1 (type: int)
                1 i_item_sk (type: int)
              outputColumnNames: _col0, _col1, _col2, _col3, _col7, _col9, _col24, _col25, _col29
              Statistics: Num rows: 11012033 Data size: 176192540 Basic stats: COMPLETE Column stats: NONE
              File Output Operator
                compressed: false
                table:
                    input format: org.apache.hadoop.mapred.SequenceFileInputFormat
                    output format: org.apache.hadoop.hive.ql.io.HiveSequenceFileOutputFormat
                    serde: org.apache.hadoop.hive.serde2.lazybinary.LazyBinarySerDe
      Local Work:
        Map Reduce Local Work

  Stage: Stage-11
    Conditional Operator

  Stage: Stage-16
    Map Reduce Local Work
      Alias -> Map Local Tables:
        x:date_dim 
          Fetch Operator
            limit: -1
      Alias -> Map Local Operator Tree:
        x:date_dim 
          TableScan
            alias: date_dim
            Statistics: Num rows: 99206 Data size: 10317438 Basic stats: COMPLETE Column stats: NONE
            Filter Operator
              predicate: (d_date_sk is not null and d_date BETWEEN '1998-03-09' AND '1998-05-07') (type: boolean)
              Statistics: Num rows: 24801 Data size: 2579307 Basic stats: COMPLETE Column stats: NONE
              HashTable Sink Operator
                keys:
                  0 _col0 (type: int)
                  1 d_date_sk (type: int)

  Stage: Stage-9
    Map Reduce
      Map Operator Tree:
          TableScan
            Map Join Operator
              condition map:
                   Inner Join 0 to 1
              keys:
                0 _col0 (type: int)
                1 d_date_sk (type: int)
              outputColumnNames: _col0, _col1, _col2, _col3, _col7, _col9, _col24, _col25, _col29, _col49, _col51
              Statistics: Num rows: 12113236 Data size: 193811798 Basic stats: COMPLETE Column stats: NONE
              Filter Operator
                predicate: ((((_col29 BETWEEN 0.99 AND 1.49 and (_col24 = _col1)) and (_col2 = _col7)) and (_col0 = _col49)) and _col51 BETWEEN '1998-03-09' AND '1998-05-07') (type: boolean)
                Statistics: Num rows: 378538 Data size: 6056608 Basic stats: COMPLETE Column stats: NONE
                Select Operator
                  expressions: _col9 (type: string), _col25 (type: string), _col51 (type: string), _col3 (type: int)
                  outputColumnNames: _col9, _col25, _col51, _col3
                  Statistics: Num rows: 378538 Data size: 6056608 Basic stats: COMPLETE Column stats: NONE
                  Group By Operator
                    aggregations: sum(CASE WHEN ((CAST( _col51 AS DATE) < CAST( '1998-04-08' AS DATE))) THEN (_col3) ELSE (0) END), sum(CASE WHEN ((CAST( _col51 AS DATE) >= CAST( '1998-04-08' AS DATE))) THEN (_col3) ELSE (0) END)
                    keys: _col9 (type: string), _col25 (type: string)
                    mode: hash
                    outputColumnNames: _col0, _col1, _col2, _col3
                    Statistics: Num rows: 378538 Data size: 6056608 Basic stats: COMPLETE Column stats: NONE
                    File Output Operator
                      compressed: false
                      table:
                          input format: org.apache.hadoop.mapred.SequenceFileInputFormat
                          output format: org.apache.hadoop.hive.ql.io.HiveSequenceFileOutputFormat
                          serde: org.apache.hadoop.hive.serde2.lazybinary.LazyBinarySerDe
      Local Work:
        Map Reduce Local Work

  Stage: Stage-4
    Map Reduce
      Map Operator Tree:
          TableScan
            Reduce Output Operator
              key expressions: _col0 (type: string), _col1 (type: string)
              sort order: ++
              Map-reduce partition columns: _col0 (type: string), _col1 (type: string)
              Statistics: Num rows: 378538 Data size: 6056608 Basic stats: COMPLETE Column stats: NONE
              value expressions: _col2 (type: bigint), _col3 (type: bigint)
      Reduce Operator Tree:
        Group By Operator
          aggregations: sum(VALUE._col0), sum(VALUE._col1)
          keys: KEY._col0 (type: string), KEY._col1 (type: string)
          mode: mergepartial
          outputColumnNames: _col0, _col1, _col2, _col3
          Statistics: Num rows: 189269 Data size: 3028304 Basic stats: COMPLETE Column stats: NONE
          Filter Operator
            predicate: CASE WHEN ((_col2 > 0)) THEN ((_col3 / _col2)) ELSE (null) END BETWEEN 0.6666666666666666 AND 1.5 (type: boolean)
            Statistics: Num rows: 94634 Data size: 1514144 Basic stats: COMPLETE Column stats: NONE
            File Output Operator
              compressed: false
              table:
                  input format: org.apache.hadoop.mapred.SequenceFileInputFormat
                  output format: org.apache.hadoop.hive.ql.io.HiveSequenceFileOutputFormat
                  serde: org.apache.hadoop.hive.serde2.lazybinary.LazyBinarySerDe

  Stage: Stage-5
    Map Reduce
      Map Operator Tree:
          TableScan
            Reduce Output Operator
              key expressions: _col0 (type: string), _col1 (type: string)
              sort order: ++
              Statistics: Num rows: 94634 Data size: 1514144 Basic stats: COMPLETE Column stats: NONE
              value expressions: _col2 (type: bigint), _col3 (type: bigint)
      Reduce Operator Tree:
        Select Operator
          expressions: KEY.reducesinkkey0 (type: string), KEY.reducesinkkey1 (type: string), VALUE._col0 (type: bigint), VALUE._col1 (type: bigint)
          outputColumnNames: _col0, _col1, _col2, _col3
          Statistics: Num rows: 94634 Data size: 1514144 Basic stats: COMPLETE Column stats: NONE
          Limit
            Number of rows: 100
            Statistics: Num rows: 100 Data size: 1600 Basic stats: COMPLETE Column stats: NONE
            File Output Operator
              compressed: false
              Statistics: Num rows: 100 Data size: 1600 Basic stats: COMPLETE Column stats: NONE
              table:
                  input format: org.apache.hadoop.mapred.TextInputFormat
                  output format: org.apache.hadoop.hive.ql.io.HiveIgnoreKeyTextOutputFormat
                  serde: org.apache.hadoop.hive.serde2.lazy.LazySimpleSerDe

  Stage: Stage-17
    Map Reduce Local Work
      Alias -> Map Local Tables:
        x:$INTNAME 
          Fetch Operator
            limit: -1
      Alias -> Map Local Operator Tree:
        x:$INTNAME 
          TableScan
            HashTable Sink Operator
              keys:
                0 _col0 (type: int)
                1 d_date_sk (type: int)

  Stage: Stage-10
    Map Reduce
      Map Operator Tree:
          TableScan
            alias: date_dim
            Statistics: Num rows: 99206 Data size: 10317438 Basic stats: COMPLETE Column stats: NONE
            Filter Operator
              predicate: (d_date_sk is not null and d_date BETWEEN '1998-03-09' AND '1998-05-07') (type: boolean)
              Statistics: Num rows: 24801 Data size: 2579307 Basic stats: COMPLETE Column stats: NONE
              Map Join Operator
                condition map:
                     Inner Join 0 to 1
                keys:
                  0 _col0 (type: int)
                  1 d_date_sk (type: int)
                outputColumnNames: _col0, _col1, _col2, _col3, _col7, _col9, _col24, _col25, _col29, _col49, _col51
                Statistics: Num rows: 12113236 Data size: 193811798 Basic stats: COMPLETE Column stats: NONE
                Filter Operator
                  predicate: ((((_col29 BETWEEN 0.99 AND 1.49 and (_col24 = _col1)) and (_col2 = _col7)) and (_col0 = _col49)) and _col51 BETWEEN '1998-03-09' AND '1998-05-07') (type: boolean)
                  Statistics: Num rows: 378538 Data size: 6056608 Basic stats: COMPLETE Column stats: NONE
                  Select Operator
                    expressions: _col9 (type: string), _col25 (type: string), _col51 (type: string), _col3 (type: int)
                    outputColumnNames: _col9, _col25, _col51, _col3
                    Statistics: Num rows: 378538 Data size: 6056608 Basic stats: COMPLETE Column stats: NONE
                    Group By Operator
                      aggregations: sum(CASE WHEN ((CAST( _col51 AS DATE) < CAST( '1998-04-08' AS DATE))) THEN (_col3) ELSE (0) END), sum(CASE WHEN ((CAST( _col51 AS DATE) >= CAST( '1998-04-08' AS DATE))) THEN (_col3) ELSE (0) END)
                      keys: _col9 (type: string), _col25 (type: string)
                      mode: hash
                      outputColumnNames: _col0, _col1, _col2, _col3
                      Statistics: Num rows: 378538 Data size: 6056608 Basic stats: COMPLETE Column stats: NONE
                      File Output Operator
                        compressed: false
                        table:
                            input format: org.apache.hadoop.mapred.SequenceFileInputFormat
                            output format: org.apache.hadoop.hive.ql.io.HiveSequenceFileOutputFormat
                            serde: org.apache.hadoop.hive.serde2.lazybinary.LazyBinarySerDe
      Local Work:
        Map Reduce Local Work

  Stage: Stage-3
    Map Reduce
      Map Operator Tree:
          TableScan
            Reduce Output Operator
              key expressions: _col0 (type: int)
              sort order: +
              Map-reduce partition columns: _col0 (type: int)
              Statistics: Num rows: 11012033 Data size: 176192540 Basic stats: COMPLETE Column stats: NONE
              value expressions: _col1 (type: int), _col2 (type: int), _col3 (type: int), _col7 (type: int), _col9 (type: string), _col24 (type: int), _col25 (type: string), _col29 (type: float)
          TableScan
            alias: date_dim
            Statistics: Num rows: 99206 Data size: 10317438 Basic stats: COMPLETE Column stats: NONE
            Filter Operator
              predicate: (d_date_sk is not null and d_date BETWEEN '1998-03-09' AND '1998-05-07') (type: boolean)
              Statistics: Num rows: 24801 Data size: 2579307 Basic stats: COMPLETE Column stats: NONE
              Reduce Output Operator
                key expressions: d_date_sk (type: int)
                sort order: +
                Map-reduce partition columns: d_date_sk (type: int)
                Statistics: Num rows: 24801 Data size: 2579307 Basic stats: COMPLETE Column stats: NONE
                value expressions: d_date (type: string)
      Reduce Operator Tree:
        Join Operator
          condition map:
               Inner Join 0 to 1
          keys:
            0 _col0 (type: int)
            1 d_date_sk (type: int)
          outputColumnNames: _col0, _col1, _col2, _col3, _col7, _col9, _col24, _col25, _col29, _col49, _col51
          Statistics: Num rows: 12113236 Data size: 193811798 Basic stats: COMPLETE Column stats: NONE
          Filter Operator
            predicate: ((((_col29 BETWEEN 0.99 AND 1.49 and (_col24 = _col1)) and (_col2 = _col7)) and (_col0 = _col49)) and _col51 BETWEEN '1998-03-09' AND '1998-05-07') (type: boolean)
            Statistics: Num rows: 378538 Data size: 6056608 Basic stats: COMPLETE Column stats: NONE
            Select Operator
              expressions: _col9 (type: string), _col25 (type: string), _col51 (type: string), _col3 (type: int)
              outputColumnNames: _col9, _col25, _col51, _col3
              Statistics: Num rows: 378538 Data size: 6056608 Basic stats: COMPLETE Column stats: NONE
              Group By Operator
                aggregations: sum(CASE WHEN ((CAST( _col51 AS DATE) < CAST( '1998-04-08' AS DATE))) THEN (_col3) ELSE (0) END), sum(CASE WHEN ((CAST( _col51 AS DATE) >= CAST( '1998-04-08' AS DATE))) THEN (_col3) ELSE (0) END)
                keys: _col9 (type: string), _col25 (type: string)
                mode: hash
                outputColumnNames: _col0, _col1, _col2, _col3
                Statistics: Num rows: 378538 Data size: 6056608 Basic stats: COMPLETE Column stats: NONE
                File Output Operator
                  compressed: false
                  table:
                      input format: org.apache.hadoop.mapred.SequenceFileInputFormat
                      output format: org.apache.hadoop.hive.ql.io.HiveSequenceFileOutputFormat
                      serde: org.apache.hadoop.hive.serde2.lazybinary.LazyBinarySerDe

  Stage: Stage-19
    Map Reduce Local Work
      Alias -> Map Local Tables:
        x:$INTNAME 
          Fetch Operator
            limit: -1
      Alias -> Map Local Operator Tree:
        x:$INTNAME 
          TableScan
            HashTable Sink Operator
              keys:
                0 _col1 (type: int)
                1 i_item_sk (type: int)

  Stage: Stage-13
    Map Reduce
      Map Operator Tree:
          TableScan
            alias: item
            Statistics: Num rows: 161897 Data size: 17484880 Basic stats: COMPLETE Column stats: NONE
            Filter Operator
              predicate: (i_item_sk is not null and i_current_price BETWEEN 0.99 AND 1.49) (type: boolean)
              Statistics: Num rows: 40474 Data size: 4371192 Basic stats: COMPLETE Column stats: NONE
              Map Join Operator
                condition map:
                     Inner Join 0 to 1
                keys:
                  0 _col1 (type: int)
                  1 i_item_sk (type: int)
                outputColumnNames: _col0, _col1, _col2, _col3, _col7, _col9, _col24, _col25, _col29
                Statistics: Num rows: 11012033 Data size: 176192540 Basic stats: COMPLETE Column stats: NONE
                File Output Operator
                  compressed: false
                  table:
                      input format: org.apache.hadoop.mapred.SequenceFileInputFormat
                      output format: org.apache.hadoop.hive.ql.io.HiveSequenceFileOutputFormat
                      serde: org.apache.hadoop.hive.serde2.lazybinary.LazyBinarySerDe
      Local Work:
        Map Reduce Local Work

  Stage: Stage-2
    Map Reduce
      Map Operator Tree:
          TableScan
            Reduce Output Operator
              key expressions: _col1 (type: int)
              sort order: +
              Map-reduce partition columns: _col1 (type: int)
              Statistics: Num rows: 10010939 Data size: 160175033 Basic stats: COMPLETE Column stats: NONE
              value expressions: _col0 (type: int), _col2 (type: int), _col3 (type: int), _col7 (type: int), _col9 (type: string)
          TableScan
            alias: item
            Statistics: Num rows: 161897 Data size: 17484880 Basic stats: COMPLETE Column stats: NONE
            Filter Operator
              predicate: (i_item_sk is not null and i_current_price BETWEEN 0.99 AND 1.49) (type: boolean)
              Statistics: Num rows: 40474 Data size: 4371192 Basic stats: COMPLETE Column stats: NONE
              Reduce Output Operator
                key expressions: i_item_sk (type: int)
                sort order: +
                Map-reduce partition columns: i_item_sk (type: int)
                Statistics: Num rows: 40474 Data size: 4371192 Basic stats: COMPLETE Column stats: NONE
                value expressions: i_item_id (type: string), i_current_price (type: float)
      Reduce Operator Tree:
        Join Operator
          condition map:
               Inner Join 0 to 1
          keys:
            0 _col1 (type: int)
            1 i_item_sk (type: int)
          outputColumnNames: _col0, _col1, _col2, _col3, _col7, _col9, _col24, _col25, _col29
          Statistics: Num rows: 11012033 Data size: 176192540 Basic stats: COMPLETE Column stats: NONE
          File Output Operator
            compressed: false
            table:
                input format: org.apache.hadoop.mapred.SequenceFileInputFormat
                output format: org.apache.hadoop.hive.ql.io.HiveSequenceFileOutputFormat
                serde: org.apache.hadoop.hive.serde2.lazybinary.LazyBinarySerDe

  Stage: Stage-0
    Fetch Operator
      limit: 100
      Processor Tree:
        ListSink

