STAGE DEPENDENCIES:
  Stage-13 is a root stage , consists of Stage-16, Stage-1
  Stage-16 has a backup stage: Stage-1
  Stage-11 depends on stages: Stage-16
  Stage-10 depends on stages: Stage-1, Stage-11 , consists of Stage-14, Stage-15, Stage-2
  Stage-14 has a backup stage: Stage-2
  Stage-8 depends on stages: Stage-14
  Stage-3 depends on stages: Stage-2, Stage-8, Stage-9
  Stage-4 depends on stages: Stage-3
  Stage-5 depends on stages: Stage-4
  Stage-15 has a backup stage: Stage-2
  Stage-9 depends on stages: Stage-15
  Stage-2
  Stage-1
  Stage-0 depends on stages: Stage-5

STAGE PLANS:
  Stage: Stage-13
    Conditional Operator

  Stage: Stage-16
    Map Reduce Local Work
      Alias -> Map Local Tables:
        item 
          Fetch Operator
            limit: -1
      Alias -> Map Local Operator Tree:
        item 
          TableScan
            alias: item
            Statistics: Num rows: 42855 Data size: 17484880 Basic stats: COMPLETE Column stats: NONE
            Filter Operator
              predicate: (i_item_sk is not null and (i_category) IN ('Jewelry', 'Sports', 'Books')) (type: boolean)
              Statistics: Num rows: 10714 Data size: 4371322 Basic stats: COMPLETE Column stats: NONE
              HashTable Sink Operator
                keys:
                  0 ws_item_sk (type: int)
                  1 i_item_sk (type: int)

  Stage: Stage-11
    Map Reduce
      Map Operator Tree:
          TableScan
            alias: web_sales
            Statistics: Num rows: 633929685 Data size: 7607156224 Basic stats: COMPLETE Column stats: NONE
            Filter Operator
              predicate: (ws_item_sk is not null and ws_sold_date_sk is not null) (type: boolean)
              Statistics: Num rows: 158482422 Data size: 1901789065 Basic stats: COMPLETE Column stats: NONE
              Map Join Operator
                condition map:
                     Inner Join 0 to 1
                keys:
                  0 ws_item_sk (type: int)
                  1 i_item_sk (type: int)
                outputColumnNames: _col0, _col3, _col23, _col37, _col38, _col41, _col42, _col47, _col49
                Statistics: Num rows: 174330667 Data size: 2091968016 Basic stats: COMPLETE Column stats: NONE
                File Output Operator
                  compressed: false
                  table:
                      input format: org.apache.hadoop.mapred.SequenceFileInputFormat
                      output format: org.apache.hadoop.hive.ql.io.HiveSequenceFileOutputFormat
                      serde: org.apache.hadoop.hive.serde2.lazybinary.LazyBinarySerDe
      Local Work:
        Map Reduce Local Work

  Stage: Stage-10
    Conditional Operator

  Stage: Stage-14
    Map Reduce Local Work
      Alias -> Map Local Tables:
        date_dim 
          Fetch Operator
            limit: -1
      Alias -> Map Local Operator Tree:
        date_dim 
          TableScan
            alias: date_dim
            Statistics: Num rows: 99206 Data size: 10317438 Basic stats: COMPLETE Column stats: NONE
            Filter Operator
              predicate: (d_date_sk is not null and d_date BETWEEN '2001-01-12' AND '2001-02-11') (type: boolean)
              Statistics: Num rows: 24801 Data size: 2579307 Basic stats: COMPLETE Column stats: NONE
              HashTable Sink Operator
                keys:
                  0 _col0 (type: int)
                  1 d_date_sk (type: int)

  Stage: Stage-8
    Map Reduce
      Map Operator Tree:
          TableScan
            Map Join Operator
              condition map:
                   Inner Join 0 to 1
              keys:
                0 _col0 (type: int)
                1 d_date_sk (type: int)
              outputColumnNames: _col0, _col3, _col23, _col37, _col38, _col41, _col42, _col47, _col49, _col62, _col64
              Statistics: Num rows: 191763737 Data size: 2301164867 Basic stats: COMPLETE Column stats: NONE
              Filter Operator
                predicate: ((((_col3 = _col37) and (_col49) IN ('Jewelry', 'Sports', 'Books')) and (_col0 = _col62)) and _col64 BETWEEN '2001-01-12' AND '2001-02-11') (type: boolean)
                Statistics: Num rows: 11985233 Data size: 143822797 Basic stats: COMPLETE Column stats: NONE
                Select Operator
                  expressions: _col38 (type: string), _col41 (type: string), _col49 (type: string), _col47 (type: string), _col42 (type: float), _col23 (type: float)
                  outputColumnNames: _col38, _col41, _col49, _col47, _col42, _col23
                  Statistics: Num rows: 11985233 Data size: 143822797 Basic stats: COMPLETE Column stats: NONE
                  Group By Operator
                    aggregations: sum(_col23)
                    keys: _col38 (type: string), _col41 (type: string), _col49 (type: string), _col47 (type: string), _col42 (type: float)
                    mode: hash
                    outputColumnNames: _col0, _col1, _col2, _col3, _col4, _col5
                    Statistics: Num rows: 11985233 Data size: 143822797 Basic stats: COMPLETE Column stats: NONE
                    File Output Operator
                      compressed: false
                      table:
                          input format: org.apache.hadoop.mapred.SequenceFileInputFormat
                          output format: org.apache.hadoop.hive.ql.io.HiveSequenceFileOutputFormat
                          serde: org.apache.hadoop.hive.serde2.lazybinary.LazyBinarySerDe
      Local Work:
        Map Reduce Local Work

  Stage: Stage-3
    Map Reduce
      Map Operator Tree:
          TableScan
            Reduce Output Operator
              key expressions: _col0 (type: string), _col1 (type: string), _col2 (type: string), _col3 (type: string), _col4 (type: float)
              sort order: +++++
              Map-reduce partition columns: _col0 (type: string), _col1 (type: string), _col2 (type: string), _col3 (type: string), _col4 (type: float)
              Statistics: Num rows: 11985233 Data size: 143822797 Basic stats: COMPLETE Column stats: NONE
              value expressions: _col5 (type: double)
      Reduce Operator Tree:
        Group By Operator
          aggregations: sum(VALUE._col0)
          keys: KEY._col0 (type: string), KEY._col1 (type: string), KEY._col2 (type: string), KEY._col3 (type: string), KEY._col4 (type: float)
          mode: mergepartial
          outputColumnNames: _col0, _col1, _col2, _col3, _col4, _col5
          Statistics: Num rows: 5992616 Data size: 71911392 Basic stats: COMPLETE Column stats: NONE
          File Output Operator
            compressed: false
            table:
                input format: org.apache.hadoop.mapred.SequenceFileInputFormat
                output format: org.apache.hadoop.hive.ql.io.HiveSequenceFileOutputFormat
                serde: org.apache.hadoop.hive.serde2.lazybinary.LazyBinarySerDe

  Stage: Stage-4
    Map Reduce
      Map Operator Tree:
          TableScan
            Reduce Output Operator
              key expressions: _col3 (type: string)
              sort order: +
              Map-reduce partition columns: _col3 (type: string)
              Statistics: Num rows: 5992616 Data size: 71911392 Basic stats: COMPLETE Column stats: NONE
              value expressions: _col0 (type: string), _col1 (type: string), _col2 (type: string), _col4 (type: float), _col5 (type: double)
      Reduce Operator Tree:
        Select Operator
          expressions: VALUE._col0 (type: string), VALUE._col1 (type: string), VALUE._col2 (type: string), KEY.reducesinkkey0 (type: string), VALUE._col3 (type: float), VALUE._col4 (type: double)
          outputColumnNames: _col0, _col1, _col2, _col3, _col4, _col5
          Statistics: Num rows: 5992616 Data size: 71911392 Basic stats: COMPLETE Column stats: NONE
          PTF Operator
            Function definitions:
                Input definition
                  input alias: ptf_0
                  output shape: _col0: string, _col1: string, _col2: string, _col3: string, _col4: float, _col5: double
                  type: WINDOWING
                Windowing table definition
                  input alias: ptf_1
                  name: windowingtablefunction
                  order by: _col3
                  partition by: _col3
                  raw input shape:
                  window functions:
                      window function definition
                        alias: sum_window_0
                        arguments: _col5
                        name: sum
                        window function: GenericUDAFSumDouble
                        window frame: PRECEDING(MAX)~FOLLOWING(MAX)
            Statistics: Num rows: 5992616 Data size: 71911392 Basic stats: COMPLETE Column stats: NONE
            Select Operator
              expressions: _col1 (type: string), _col2 (type: string), _col3 (type: string), _col4 (type: float), _col0 (type: string), _col5 (type: double), ((_col5 * 100) / sum_window_0) (type: double)
              outputColumnNames: _col0, _col1, _col2, _col3, _col4, _col5, _col6
              Statistics: Num rows: 5992616 Data size: 71911392 Basic stats: COMPLETE Column stats: NONE
              File Output Operator
                compressed: false
                table:
                    input format: org.apache.hadoop.mapred.SequenceFileInputFormat
                    output format: org.apache.hadoop.hive.ql.io.HiveSequenceFileOutputFormat
                    serde: org.apache.hadoop.hive.serde2.lazybinary.LazyBinarySerDe

  Stage: Stage-5
    Map Reduce
      Map Operator Tree:
          TableScan
            Reduce Output Operator
              key expressions: _col1 (type: string), _col2 (type: string), _col4 (type: string), _col0 (type: string), _col6 (type: double)
              sort order: +++++
              Statistics: Num rows: 5992616 Data size: 71911392 Basic stats: COMPLETE Column stats: NONE
              value expressions: _col3 (type: float), _col5 (type: double)
      Reduce Operator Tree:
        Select Operator
          expressions: KEY.reducesinkkey3 (type: string), KEY.reducesinkkey0 (type: string), KEY.reducesinkkey1 (type: string), VALUE._col0 (type: float), KEY.reducesinkkey2 (type: string), VALUE._col1 (type: double), KEY.reducesinkkey4 (type: double)
          outputColumnNames: _col0, _col1, _col2, _col3, _col4, _col5, _col6
          Statistics: Num rows: 5992616 Data size: 71911392 Basic stats: COMPLETE Column stats: NONE
          Limit
            Number of rows: 100
            Statistics: Num rows: 100 Data size: 1200 Basic stats: COMPLETE Column stats: NONE
            File Output Operator
              compressed: false
              Statistics: Num rows: 100 Data size: 1200 Basic stats: COMPLETE Column stats: NONE
              table:
                  input format: org.apache.hadoop.mapred.TextInputFormat
                  output format: org.apache.hadoop.hive.ql.io.HiveIgnoreKeyTextOutputFormat
                  serde: org.apache.hadoop.hive.serde2.lazy.LazySimpleSerDe

  Stage: Stage-15
    Map Reduce Local Work
      Alias -> Map Local Tables:
        $INTNAME 
          Fetch Operator
            limit: -1
      Alias -> Map Local Operator Tree:
        $INTNAME 
          TableScan
            HashTable Sink Operator
              keys:
                0 _col0 (type: int)
                1 d_date_sk (type: int)

  Stage: Stage-9
    Map Reduce
      Map Operator Tree:
          TableScan
            alias: date_dim
            Statistics: Num rows: 99206 Data size: 10317438 Basic stats: COMPLETE Column stats: NONE
            Filter Operator
              predicate: (d_date_sk is not null and d_date BETWEEN '2001-01-12' AND '2001-02-11') (type: boolean)
              Statistics: Num rows: 24801 Data size: 2579307 Basic stats: COMPLETE Column stats: NONE
              Map Join Operator
                condition map:
                     Inner Join 0 to 1
                keys:
                  0 _col0 (type: int)
                  1 d_date_sk (type: int)
                outputColumnNames: _col0, _col3, _col23, _col37, _col38, _col41, _col42, _col47, _col49, _col62, _col64
                Statistics: Num rows: 191763737 Data size: 2301164867 Basic stats: COMPLETE Column stats: NONE
                Filter Operator
                  predicate: ((((_col3 = _col37) and (_col49) IN ('Jewelry', 'Sports', 'Books')) and (_col0 = _col62)) and _col64 BETWEEN '2001-01-12' AND '2001-02-11') (type: boolean)
                  Statistics: Num rows: 11985233 Data size: 143822797 Basic stats: COMPLETE Column stats: NONE
                  Select Operator
                    expressions: _col38 (type: string), _col41 (type: string), _col49 (type: string), _col47 (type: string), _col42 (type: float), _col23 (type: float)
                    outputColumnNames: _col38, _col41, _col49, _col47, _col42, _col23
                    Statistics: Num rows: 11985233 Data size: 143822797 Basic stats: COMPLETE Column stats: NONE
                    Group By Operator
                      aggregations: sum(_col23)
                      keys: _col38 (type: string), _col41 (type: string), _col49 (type: string), _col47 (type: string), _col42 (type: float)
                      mode: hash
                      outputColumnNames: _col0, _col1, _col2, _col3, _col4, _col5
                      Statistics: Num rows: 11985233 Data size: 143822797 Basic stats: COMPLETE Column stats: NONE
                      File Output Operator
                        compressed: false
                        table:
                            input format: org.apache.hadoop.mapred.SequenceFileInputFormat
                            output format: org.apache.hadoop.hive.ql.io.HiveSequenceFileOutputFormat
                            serde: org.apache.hadoop.hive.serde2.lazybinary.LazyBinarySerDe
      Local Work:
        Map Reduce Local Work

  Stage: Stage-2
    Map Reduce
      Map Operator Tree:
          TableScan
            Reduce Output Operator
              key expressions: _col0 (type: int)
              sort order: +
              Map-reduce partition columns: _col0 (type: int)
              Statistics: Num rows: 174330667 Data size: 2091968016 Basic stats: COMPLETE Column stats: NONE
              value expressions: _col3 (type: int), _col23 (type: float), _col37 (type: int), _col38 (type: string), _col41 (type: string), _col42 (type: float), _col47 (type: string), _col49 (type: string)
          TableScan
            alias: date_dim
            Statistics: Num rows: 99206 Data size: 10317438 Basic stats: COMPLETE Column stats: NONE
            Filter Operator
              predicate: (d_date_sk is not null and d_date BETWEEN '2001-01-12' AND '2001-02-11') (type: boolean)
              Statistics: Num rows: 24801 Data size: 2579307 Basic stats: COMPLETE Column stats: NONE
              Reduce Output Operator
                key expressions: d_date_sk (type: int)
                sort order: +
                Map-reduce partition columns: d_date_sk (type: int)
                Statistics: Num rows: 24801 Data size: 2579307 Basic stats: COMPLETE Column stats: NONE
                value expressions: d_date (type: string)
      Reduce Operator Tree:
        Join Operator
          condition map:
               Inner Join 0 to 1
          keys:
            0 _col0 (type: int)
            1 d_date_sk (type: int)
          outputColumnNames: _col0, _col3, _col23, _col37, _col38, _col41, _col42, _col47, _col49, _col62, _col64
          Statistics: Num rows: 191763737 Data size: 2301164867 Basic stats: COMPLETE Column stats: NONE
          Filter Operator
            predicate: ((((_col3 = _col37) and (_col49) IN ('Jewelry', 'Sports', 'Books')) and (_col0 = _col62)) and _col64 BETWEEN '2001-01-12' AND '2001-02-11') (type: boolean)
            Statistics: Num rows: 11985233 Data size: 143822797 Basic stats: COMPLETE Column stats: NONE
            Select Operator
              expressions: _col38 (type: string), _col41 (type: string), _col49 (type: string), _col47 (type: string), _col42 (type: float), _col23 (type: float)
              outputColumnNames: _col38, _col41, _col49, _col47, _col42, _col23
              Statistics: Num rows: 11985233 Data size: 143822797 Basic stats: COMPLETE Column stats: NONE
              Group By Operator
                aggregations: sum(_col23)
                keys: _col38 (type: string), _col41 (type: string), _col49 (type: string), _col47 (type: string), _col42 (type: float)
                mode: hash
                outputColumnNames: _col0, _col1, _col2, _col3, _col4, _col5
                Statistics: Num rows: 11985233 Data size: 143822797 Basic stats: COMPLETE Column stats: NONE
                File Output Operator
                  compressed: false
                  table:
                      input format: org.apache.hadoop.mapred.SequenceFileInputFormat
                      output format: org.apache.hadoop.hive.ql.io.HiveSequenceFileOutputFormat
                      serde: org.apache.hadoop.hive.serde2.lazybinary.LazyBinarySerDe

  Stage: Stage-1
    Map Reduce
      Map Operator Tree:
          TableScan
            alias: web_sales
            Statistics: Num rows: 633929685 Data size: 7607156224 Basic stats: COMPLETE Column stats: NONE
            Filter Operator
              predicate: (ws_item_sk is not null and ws_sold_date_sk is not null) (type: boolean)
              Statistics: Num rows: 158482422 Data size: 1901789065 Basic stats: COMPLETE Column stats: NONE
              Reduce Output Operator
                key expressions: ws_item_sk (type: int)
                sort order: +
                Map-reduce partition columns: ws_item_sk (type: int)
                Statistics: Num rows: 158482422 Data size: 1901789065 Basic stats: COMPLETE Column stats: NONE
                value expressions: ws_sold_date_sk (type: int), ws_ext_sales_price (type: float)
          TableScan
            alias: item
            Statistics: Num rows: 42855 Data size: 17484880 Basic stats: COMPLETE Column stats: NONE
            Filter Operator
              predicate: (i_item_sk is not null and (i_category) IN ('Jewelry', 'Sports', 'Books')) (type: boolean)
              Statistics: Num rows: 10714 Data size: 4371322 Basic stats: COMPLETE Column stats: NONE
              Reduce Output Operator
                key expressions: i_item_sk (type: int)
                sort order: +
                Map-reduce partition columns: i_item_sk (type: int)
                Statistics: Num rows: 10714 Data size: 4371322 Basic stats: COMPLETE Column stats: NONE
                value expressions: i_item_id (type: string), i_item_desc (type: string), i_current_price (type: float), i_class (type: string), i_category (type: string)
      Reduce Operator Tree:
        Join Operator
          condition map:
               Inner Join 0 to 1
          keys:
            0 ws_item_sk (type: int)
            1 i_item_sk (type: int)
          outputColumnNames: _col0, _col3, _col23, _col37, _col38, _col41, _col42, _col47, _col49
          Statistics: Num rows: 174330667 Data size: 2091968016 Basic stats: COMPLETE Column stats: NONE
          File Output Operator
            compressed: false
            table:
                input format: org.apache.hadoop.mapred.SequenceFileInputFormat
                output format: org.apache.hadoop.hive.ql.io.HiveSequenceFileOutputFormat
                serde: org.apache.hadoop.hive.serde2.lazybinary.LazyBinarySerDe

  Stage: Stage-0
    Fetch Operator
      limit: 100
      Processor Tree:
        ListSink

