STAGE DEPENDENCIES:
  Stage-33 is a root stage , consists of Stage-1
  Stage-1
  Stage-43 depends on stages: Stage-1
  Stage-30 depends on stages: Stage-43
  Stage-29 depends on stages: Stage-30 , consists of Stage-41, Stage-42, Stage-3
  Stage-41 has a backup stage: Stage-3
  Stage-27 depends on stages: Stage-41
  Stage-26 depends on stages: Stage-3, Stage-27, Stage-28 , consists of Stage-39, Stage-40, Stage-4
  Stage-39 has a backup stage: Stage-4
  Stage-24 depends on stages: Stage-39
  Stage-23 depends on stages: Stage-4, Stage-24, Stage-25 , consists of Stage-37, Stage-38, Stage-5
  Stage-37 has a backup stage: Stage-5
  Stage-21 depends on stages: Stage-37
  Stage-20 depends on stages: Stage-5, Stage-21, Stage-22 , consists of Stage-35, Stage-36, Stage-6
  Stage-35 has a backup stage: Stage-6
  Stage-18 depends on stages: Stage-35
  Stage-34 depends on stages: Stage-6, Stage-18, Stage-19
  Stage-8 depends on stages: Stage-34
  Stage-9 depends on stages: Stage-8
  Stage-36 has a backup stage: Stage-6
  Stage-19 depends on stages: Stage-36
  Stage-6
  Stage-38 has a backup stage: Stage-5
  Stage-22 depends on stages: Stage-38
  Stage-5
  Stage-40 has a backup stage: Stage-4
  Stage-25 depends on stages: Stage-40
  Stage-4
  Stage-42 has a backup stage: Stage-3
  Stage-28 depends on stages: Stage-42
  Stage-3
  Stage-0 depends on stages: Stage-9

STAGE PLANS:
  Stage: Stage-33
    Conditional Operator

  Stage: Stage-1
    Map Reduce
      Map Operator Tree:
          TableScan
            alias: web_sales
            Statistics: Num rows: 271684150 Data size: 7607156224 Basic stats: COMPLETE Column stats: NONE
            Filter Operator
              predicate: (((ws_item_sk is not null and ws_order_number is not null) and ws_web_page_sk is not null) and ws_sold_date_sk is not null) (type: boolean)
              Statistics: Num rows: 16980260 Data size: 475447281 Basic stats: COMPLETE Column stats: NONE
              Reduce Output Operator
                key expressions: ws_item_sk (type: int), ws_order_number (type: int)
                sort order: ++
                Map-reduce partition columns: ws_item_sk (type: int), ws_order_number (type: int)
                Statistics: Num rows: 16980260 Data size: 475447281 Basic stats: COMPLETE Column stats: NONE
                value expressions: ws_sold_date_sk (type: int), ws_web_page_sk (type: int), ws_quantity (type: int), ws_sales_price (type: float), ws_net_profit (type: float)
          TableScan
            alias: web_returns
            Statistics: Num rows: 16134533 Data size: 516305056 Basic stats: COMPLETE Column stats: NONE
            Filter Operator
              predicate: (((((wr_item_sk is not null and wr_order_number is not null) and wr_refunded_cdemo_sk is not null) and wr_returning_cdemo_sk is not null) and wr_refunded_addr_sk is not null) and wr_reason_sk is not null) (type: boolean)
              Statistics: Num rows: 252103 Data size: 8067296 Basic stats: COMPLETE Column stats: NONE
              Reduce Output Operator
                key expressions: wr_item_sk (type: int), wr_order_number (type: int)
                sort order: ++
                Map-reduce partition columns: wr_item_sk (type: int), wr_order_number (type: int)
                Statistics: Num rows: 252103 Data size: 8067296 Basic stats: COMPLETE Column stats: NONE
                value expressions: wr_refunded_cdemo_sk (type: int), wr_refunded_addr_sk (type: int), wr_returning_cdemo_sk (type: int), wr_reason_sk (type: int), wr_fee (type: float), wr_refunded_cash (type: float)
      Reduce Operator Tree:
        Join Operator
          condition map:
               Inner Join 0 to 1
          keys:
            0 ws_item_sk (type: int), ws_order_number (type: int)
            1 wr_item_sk (type: int), wr_order_number (type: int)
          outputColumnNames: _col0, _col3, _col12, _col17, _col18, _col21, _col33, _col39, _col41, _col43, _col45, _col49, _col50, _col55, _col57
          Statistics: Num rows: 18678286 Data size: 522992020 Basic stats: COMPLETE Column stats: NONE
          File Output Operator
            compressed: false
            table:
                input format: org.apache.hadoop.mapred.SequenceFileInputFormat
                output format: org.apache.hadoop.hive.ql.io.HiveSequenceFileOutputFormat
                serde: org.apache.hadoop.hive.serde2.lazybinary.LazyBinarySerDe

  Stage: Stage-43
    Map Reduce Local Work
      Alias -> Map Local Tables:
        web_page 
          Fetch Operator
            limit: -1
      Alias -> Map Local Operator Tree:
        web_page 
          TableScan
            alias: web_page
            Statistics: Num rows: 21203 Data size: 84812 Basic stats: COMPLETE Column stats: NONE
            Filter Operator
              predicate: wp_web_page_sk is not null (type: boolean)
              Statistics: Num rows: 10602 Data size: 42407 Basic stats: COMPLETE Column stats: NONE
              HashTable Sink Operator
                keys:
                  0 _col12 (type: int)
                  1 wp_web_page_sk (type: int)

  Stage: Stage-30
    Map Reduce
      Map Operator Tree:
          TableScan
            Map Join Operator
              condition map:
                   Inner Join 0 to 1
              keys:
                0 _col12 (type: int)
                1 wp_web_page_sk (type: int)
              outputColumnNames: _col0, _col3, _col12, _col17, _col18, _col21, _col33, _col39, _col41, _col43, _col45, _col49, _col50, _col55, _col57, _col64
              Statistics: Num rows: 20546115 Data size: 575291234 Basic stats: COMPLETE Column stats: NONE
              File Output Operator
                compressed: false
                table:
                    input format: org.apache.hadoop.mapred.SequenceFileInputFormat
                    output format: org.apache.hadoop.hive.ql.io.HiveSequenceFileOutputFormat
                    serde: org.apache.hadoop.hive.serde2.lazybinary.LazyBinarySerDe
      Local Work:
        Map Reduce Local Work

  Stage: Stage-29
    Conditional Operator

  Stage: Stage-41
    Map Reduce Local Work
      Alias -> Map Local Tables:
        cd1 
          Fetch Operator
            limit: -1
      Alias -> Map Local Operator Tree:
        cd1 
          TableScan
            alias: cd1
            Statistics: Num rows: 395392 Data size: 80660096 Basic stats: COMPLETE Column stats: NONE
            Filter Operator
              predicate: cd_demo_sk is not null (type: boolean)
              Statistics: Num rows: 197696 Data size: 40330048 Basic stats: COMPLETE Column stats: NONE
              HashTable Sink Operator
                keys:
                  0 _col41 (type: int)
                  1 cd_demo_sk (type: int)

  Stage: Stage-27
    Map Reduce
      Map Operator Tree:
          TableScan
            Map Join Operator
              condition map:
                   Inner Join 0 to 1
              keys:
                0 _col41 (type: int)
                1 cd_demo_sk (type: int)
              outputColumnNames: _col0, _col3, _col12, _col17, _col18, _col21, _col33, _col39, _col41, _col43, _col45, _col49, _col50, _col55, _col57, _col64, _col81, _col83, _col84
              Statistics: Num rows: 22600726 Data size: 632820371 Basic stats: COMPLETE Column stats: NONE
              File Output Operator
                compressed: false
                table:
                    input format: org.apache.hadoop.mapred.SequenceFileInputFormat
                    output format: org.apache.hadoop.hive.ql.io.HiveSequenceFileOutputFormat
                    serde: org.apache.hadoop.hive.serde2.lazybinary.LazyBinarySerDe
      Local Work:
        Map Reduce Local Work

  Stage: Stage-26
    Conditional Operator

  Stage: Stage-39
    Map Reduce Local Work
      Alias -> Map Local Tables:
        cd2 
          Fetch Operator
            limit: -1
      Alias -> Map Local Operator Tree:
        cd2 
          TableScan
            alias: cd2
            Statistics: Num rows: 395392 Data size: 80660096 Basic stats: COMPLETE Column stats: NONE
            Filter Operator
              predicate: cd_demo_sk is not null (type: boolean)
              Statistics: Num rows: 197696 Data size: 40330048 Basic stats: COMPLETE Column stats: NONE
              HashTable Sink Operator
                keys:
                  0 _col45 (type: int)
                  1 cd_demo_sk (type: int)

  Stage: Stage-24
    Map Reduce
      Map Operator Tree:
          TableScan
            Map Join Operator
              condition map:
                   Inner Join 0 to 1
              keys:
                0 _col45 (type: int)
                1 cd_demo_sk (type: int)
              outputColumnNames: _col0, _col3, _col12, _col17, _col18, _col21, _col33, _col39, _col41, _col43, _col45, _col49, _col50, _col55, _col57, _col64, _col81, _col83, _col84, _col93, _col95, _col96
              Statistics: Num rows: 24860799 Data size: 696102423 Basic stats: COMPLETE Column stats: NONE
              File Output Operator
                compressed: false
                table:
                    input format: org.apache.hadoop.mapred.SequenceFileInputFormat
                    output format: org.apache.hadoop.hive.ql.io.HiveSequenceFileOutputFormat
                    serde: org.apache.hadoop.hive.serde2.lazybinary.LazyBinarySerDe
      Local Work:
        Map Reduce Local Work

  Stage: Stage-23
    Conditional Operator

  Stage: Stage-37
    Map Reduce Local Work
      Alias -> Map Local Tables:
        customer_address 
          Fetch Operator
            limit: -1
      Alias -> Map Local Operator Tree:
        customer_address 
          TableScan
            alias: customer_address
            Statistics: Num rows: 208362 Data size: 42505964 Basic stats: COMPLETE Column stats: NONE
            Filter Operator
              predicate: ca_address_sk is not null (type: boolean)
              Statistics: Num rows: 104181 Data size: 21252982 Basic stats: COMPLETE Column stats: NONE
              HashTable Sink Operator
                keys:
                  0 _col43 (type: int)
                  1 ca_address_sk (type: int)

  Stage: Stage-21
    Map Reduce
      Map Operator Tree:
          TableScan
            Map Join Operator
              condition map:
                   Inner Join 0 to 1
              keys:
                0 _col43 (type: int)
                1 ca_address_sk (type: int)
              outputColumnNames: _col0, _col3, _col12, _col17, _col18, _col21, _col33, _col39, _col41, _col43, _col45, _col49, _col50, _col55, _col57, _col64, _col81, _col83, _col84, _col93, _col95, _col96, _col105, _col113, _col115
              Statistics: Num rows: 27346879 Data size: 765712681 Basic stats: COMPLETE Column stats: NONE
              File Output Operator
                compressed: false
                table:
                    input format: org.apache.hadoop.mapred.SequenceFileInputFormat
                    output format: org.apache.hadoop.hive.ql.io.HiveSequenceFileOutputFormat
                    serde: org.apache.hadoop.hive.serde2.lazybinary.LazyBinarySerDe
      Local Work:
        Map Reduce Local Work

  Stage: Stage-20
    Conditional Operator

  Stage: Stage-35
    Map Reduce Local Work
      Alias -> Map Local Tables:
        date_dim 
          Fetch Operator
            limit: -1
      Alias -> Map Local Operator Tree:
        date_dim 
          TableScan
            alias: date_dim
            Statistics: Num rows: 1289679 Data size: 10317438 Basic stats: COMPLETE Column stats: NONE
            Filter Operator
              predicate: (d_date_sk is not null and (d_year = 1998)) (type: boolean)
              Statistics: Num rows: 322420 Data size: 2579361 Basic stats: COMPLETE Column stats: NONE
              HashTable Sink Operator
                keys:
                  0 _col0 (type: int)
                  1 d_date_sk (type: int)

  Stage: Stage-18
    Map Reduce
      Map Operator Tree:
          TableScan
            Map Join Operator
              condition map:
                   Inner Join 0 to 1
              keys:
                0 _col0 (type: int)
                1 d_date_sk (type: int)
              outputColumnNames: _col0, _col3, _col12, _col17, _col18, _col21, _col33, _col39, _col41, _col43, _col45, _col49, _col50, _col55, _col57, _col64, _col81, _col83, _col84, _col93, _col95, _col96, _col105, _col113, _col115, _col121
              Statistics: Num rows: 30081567 Data size: 842283967 Basic stats: COMPLETE Column stats: NONE
              File Output Operator
                compressed: false
                table:
                    input format: org.apache.hadoop.mapred.SequenceFileInputFormat
                    output format: org.apache.hadoop.hive.ql.io.HiveSequenceFileOutputFormat
                    serde: org.apache.hadoop.hive.serde2.lazybinary.LazyBinarySerDe
      Local Work:
        Map Reduce Local Work

  Stage: Stage-34
    Map Reduce Local Work
      Alias -> Map Local Tables:
        reason 
          Fetch Operator
            limit: -1
      Alias -> Map Local Operator Tree:
        reason 
          TableScan
            alias: reason
            Statistics: Num rows: 14 Data size: 1463 Basic stats: COMPLETE Column stats: NONE
            Filter Operator
              predicate: r_reason_sk is not null (type: boolean)
              Statistics: Num rows: 7 Data size: 731 Basic stats: COMPLETE Column stats: NONE
              HashTable Sink Operator
                keys:
                  0 _col49 (type: int)
                  1 r_reason_sk (type: int)

  Stage: Stage-8
    Map Reduce
      Map Operator Tree:
          TableScan
            Map Join Operator
              condition map:
                   Inner Join 0 to 1
              keys:
                0 _col49 (type: int)
                1 r_reason_sk (type: int)
              outputColumnNames: _col0, _col3, _col12, _col17, _col18, _col21, _col33, _col39, _col41, _col43, _col45, _col49, _col50, _col55, _col57, _col64, _col81, _col83, _col84, _col93, _col95, _col96, _col105, _col113, _col115, _col121, _col152, _col154
              Statistics: Num rows: 33089724 Data size: 926512383 Basic stats: COMPLETE Column stats: NONE
              Filter Operator
                predicate: ((((((((((_col12 = _col64) and (_col3 = _col39)) and (_col17 = _col50)) and (_col0 = _col121)) and (_col81 = _col41)) and (_col93 = _col45)) and (_col105 = _col43)) and (_col152 = _col49)) and (((((((_col83 = 'M') and (_col83 = _col95)) and (_col84 = '4 yr Degree')) and (_col84 = _col96)) and _col21 BETWEEN 100.0 AND 150.0) or (((((_col83 = 'D') and (_col83 = _col95)) and (_col84 = 'Primary')) and (_col84 = _col96)) and _col21 BETWEEN 50.0 AND 100.0)) or (((((_col83 = 'U') and (_col83 = _col95)) and (_col84 = 'Advanced Degree')) and (_col84 = _col96)) and _col21 BETWEEN 150.0 AND 200.0))) and (((((_col115 = 'United States') and (_col113) IN ('KY', 'GA', 'NM')) and _col33 BETWEEN 100 AND 200) or (((_col115 = 'United States') and (_col113) IN ('MT', 'OR', 'IN')) and _col33 BETWEEN 150 AND 300)) or (((_col115 = 'United States') and (_col113) IN ('WI', 'MO', 'WV')) and _col33 BETWEEN 50 AND 250))) (type: boolean)
                Statistics: Num rows: 4542 Data size: 127176 Basic stats: COMPLETE Column stats: NONE
                Select Operator
                  expressions: _col154 (type: string), _col18 (type: int), _col57 (type: float), _col55 (type: float)
                  outputColumnNames: _col154, _col18, _col57, _col55
                  Statistics: Num rows: 4542 Data size: 127176 Basic stats: COMPLETE Column stats: NONE
                  Group By Operator
                    aggregations: avg(_col18), avg(_col57), avg(_col55)
                    keys: _col154 (type: string)
                    mode: hash
                    outputColumnNames: _col0, _col1, _col2, _col3
                    Statistics: Num rows: 4542 Data size: 127176 Basic stats: COMPLETE Column stats: NONE
                    Reduce Output Operator
                      key expressions: _col0 (type: string)
                      sort order: +
                      Map-reduce partition columns: _col0 (type: string)
                      Statistics: Num rows: 4542 Data size: 127176 Basic stats: COMPLETE Column stats: NONE
                      value expressions: _col1 (type: struct<count:bigint,sum:double,input:int>), _col2 (type: struct<count:bigint,sum:double,input:float>), _col3 (type: struct<count:bigint,sum:double,input:float>)
      Local Work:
        Map Reduce Local Work
      Reduce Operator Tree:
        Group By Operator
          aggregations: avg(VALUE._col0), avg(VALUE._col1), avg(VALUE._col2)
          keys: KEY._col0 (type: string)
          mode: mergepartial
          outputColumnNames: _col0, _col1, _col2, _col3
          Statistics: Num rows: 2271 Data size: 63588 Basic stats: COMPLETE Column stats: NONE
          Select Operator
            expressions: substr(_col0, 1, 20) (type: string), _col1 (type: double), _col2 (type: double), _col3 (type: double)
            outputColumnNames: _col0, _col1, _col2, _col3
            Statistics: Num rows: 2271 Data size: 63588 Basic stats: COMPLETE Column stats: NONE
            File Output Operator
              compressed: false
              table:
                  input format: org.apache.hadoop.mapred.SequenceFileInputFormat
                  output format: org.apache.hadoop.hive.ql.io.HiveSequenceFileOutputFormat
                  serde: org.apache.hadoop.hive.serde2.lazybinary.LazyBinarySerDe

  Stage: Stage-9
    Map Reduce
      Map Operator Tree:
          TableScan
            Reduce Output Operator
              key expressions: _col0 (type: string), _col1 (type: double), _col2 (type: double), _col3 (type: double)
              sort order: ++++
              Statistics: Num rows: 2271 Data size: 63588 Basic stats: COMPLETE Column stats: NONE
      Reduce Operator Tree:
        Select Operator
          expressions: KEY.reducesinkkey0 (type: string), KEY.reducesinkkey1 (type: double), KEY.reducesinkkey2 (type: double), KEY.reducesinkkey3 (type: double)
          outputColumnNames: _col0, _col1, _col2, _col3
          Statistics: Num rows: 2271 Data size: 63588 Basic stats: COMPLETE Column stats: NONE
          Limit
            Number of rows: 100
            Statistics: Num rows: 100 Data size: 2800 Basic stats: COMPLETE Column stats: NONE
            File Output Operator
              compressed: false
              Statistics: Num rows: 100 Data size: 2800 Basic stats: COMPLETE Column stats: NONE
              table:
                  input format: org.apache.hadoop.mapred.TextInputFormat
                  output format: org.apache.hadoop.hive.ql.io.HiveIgnoreKeyTextOutputFormat
                  serde: org.apache.hadoop.hive.serde2.lazy.LazySimpleSerDe

  Stage: Stage-36
    Map Reduce Local Work
      Alias -> Map Local Tables:
        $INTNAME 
          Fetch Operator
            limit: -1
      Alias -> Map Local Operator Tree:
        $INTNAME 
          TableScan
            HashTable Sink Operator
              keys:
                0 _col0 (type: int)
                1 d_date_sk (type: int)

  Stage: Stage-19
    Map Reduce
      Map Operator Tree:
          TableScan
            alias: date_dim
            Statistics: Num rows: 1289679 Data size: 10317438 Basic stats: COMPLETE Column stats: NONE
            Filter Operator
              predicate: (d_date_sk is not null and (d_year = 1998)) (type: boolean)
              Statistics: Num rows: 322420 Data size: 2579361 Basic stats: COMPLETE Column stats: NONE
              Map Join Operator
                condition map:
                     Inner Join 0 to 1
                keys:
                  0 _col0 (type: int)
                  1 d_date_sk (type: int)
                outputColumnNames: _col0, _col3, _col12, _col17, _col18, _col21, _col33, _col39, _col41, _col43, _col45, _col49, _col50, _col55, _col57, _col64, _col81, _col83, _col84, _col93, _col95, _col96, _col105, _col113, _col115, _col121
                Statistics: Num rows: 30081567 Data size: 842283967 Basic stats: COMPLETE Column stats: NONE
                File Output Operator
                  compressed: false
                  table:
                      input format: org.apache.hadoop.mapred.SequenceFileInputFormat
                      output format: org.apache.hadoop.hive.ql.io.HiveSequenceFileOutputFormat
                      serde: org.apache.hadoop.hive.serde2.lazybinary.LazyBinarySerDe
      Local Work:
        Map Reduce Local Work

  Stage: Stage-6
    Map Reduce
      Map Operator Tree:
          TableScan
            Reduce Output Operator
              key expressions: _col0 (type: int)
              sort order: +
              Map-reduce partition columns: _col0 (type: int)
              Statistics: Num rows: 27346879 Data size: 765712681 Basic stats: COMPLETE Column stats: NONE
              value expressions: _col3 (type: int), _col12 (type: int), _col17 (type: int), _col18 (type: int), _col21 (type: float), _col33 (type: float), _col39 (type: int), _col41 (type: int), _col43 (type: int), _col45 (type: int), _col49 (type: int), _col50 (type: int), _col55 (type: float), _col57 (type: float), _col64 (type: int), _col81 (type: int), _col83 (type: string), _col84 (type: string), _col93 (type: int), _col95 (type: string), _col96 (type: string), _col105 (type: int), _col113 (type: string), _col115 (type: string)
          TableScan
            alias: date_dim
            Statistics: Num rows: 1289679 Data size: 10317438 Basic stats: COMPLETE Column stats: NONE
            Filter Operator
              predicate: (d_date_sk is not null and (d_year = 1998)) (type: boolean)
              Statistics: Num rows: 322420 Data size: 2579361 Basic stats: COMPLETE Column stats: NONE
              Reduce Output Operator
                key expressions: d_date_sk (type: int)
                sort order: +
                Map-reduce partition columns: d_date_sk (type: int)
                Statistics: Num rows: 322420 Data size: 2579361 Basic stats: COMPLETE Column stats: NONE
      Reduce Operator Tree:
        Join Operator
          condition map:
               Inner Join 0 to 1
          keys:
            0 _col0 (type: int)
            1 d_date_sk (type: int)
          outputColumnNames: _col0, _col3, _col12, _col17, _col18, _col21, _col33, _col39, _col41, _col43, _col45, _col49, _col50, _col55, _col57, _col64, _col81, _col83, _col84, _col93, _col95, _col96, _col105, _col113, _col115, _col121
          Statistics: Num rows: 30081567 Data size: 842283967 Basic stats: COMPLETE Column stats: NONE
          File Output Operator
            compressed: false
            table:
                input format: org.apache.hadoop.mapred.SequenceFileInputFormat
                output format: org.apache.hadoop.hive.ql.io.HiveSequenceFileOutputFormat
                serde: org.apache.hadoop.hive.serde2.lazybinary.LazyBinarySerDe

  Stage: Stage-38
    Map Reduce Local Work
      Alias -> Map Local Tables:
        $INTNAME 
          Fetch Operator
            limit: -1
      Alias -> Map Local Operator Tree:
        $INTNAME 
          TableScan
            HashTable Sink Operator
              keys:
                0 _col43 (type: int)
                1 ca_address_sk (type: int)

  Stage: Stage-22
    Map Reduce
      Map Operator Tree:
          TableScan
            alias: customer_address
            Statistics: Num rows: 208362 Data size: 42505964 Basic stats: COMPLETE Column stats: NONE
            Filter Operator
              predicate: ca_address_sk is not null (type: boolean)
              Statistics: Num rows: 104181 Data size: 21252982 Basic stats: COMPLETE Column stats: NONE
              Map Join Operator
                condition map:
                     Inner Join 0 to 1
                keys:
                  0 _col43 (type: int)
                  1 ca_address_sk (type: int)
                outputColumnNames: _col0, _col3, _col12, _col17, _col18, _col21, _col33, _col39, _col41, _col43, _col45, _col49, _col50, _col55, _col57, _col64, _col81, _col83, _col84, _col93, _col95, _col96, _col105, _col113, _col115
                Statistics: Num rows: 27346879 Data size: 765712681 Basic stats: COMPLETE Column stats: NONE
                File Output Operator
                  compressed: false
                  table:
                      input format: org.apache.hadoop.mapred.SequenceFileInputFormat
                      output format: org.apache.hadoop.hive.ql.io.HiveSequenceFileOutputFormat
                      serde: org.apache.hadoop.hive.serde2.lazybinary.LazyBinarySerDe
      Local Work:
        Map Reduce Local Work

  Stage: Stage-5
    Map Reduce
      Map Operator Tree:
          TableScan
            Reduce Output Operator
              key expressions: _col43 (type: int)
              sort order: +
              Map-reduce partition columns: _col43 (type: int)
              Statistics: Num rows: 24860799 Data size: 696102423 Basic stats: COMPLETE Column stats: NONE
              value expressions: _col0 (type: int), _col3 (type: int), _col12 (type: int), _col17 (type: int), _col18 (type: int), _col21 (type: float), _col33 (type: float), _col39 (type: int), _col41 (type: int), _col45 (type: int), _col49 (type: int), _col50 (type: int), _col55 (type: float), _col57 (type: float), _col64 (type: int), _col81 (type: int), _col83 (type: string), _col84 (type: string), _col93 (type: int), _col95 (type: string), _col96 (type: string)
          TableScan
            alias: customer_address
            Statistics: Num rows: 208362 Data size: 42505964 Basic stats: COMPLETE Column stats: NONE
            Filter Operator
              predicate: ca_address_sk is not null (type: boolean)
              Statistics: Num rows: 104181 Data size: 21252982 Basic stats: COMPLETE Column stats: NONE
              Reduce Output Operator
                key expressions: ca_address_sk (type: int)
                sort order: +
                Map-reduce partition columns: ca_address_sk (type: int)
                Statistics: Num rows: 104181 Data size: 21252982 Basic stats: COMPLETE Column stats: NONE
                value expressions: ca_state (type: string), ca_country (type: string)
      Reduce Operator Tree:
        Join Operator
          condition map:
               Inner Join 0 to 1
          keys:
            0 _col43 (type: int)
            1 ca_address_sk (type: int)
          outputColumnNames: _col0, _col3, _col12, _col17, _col18, _col21, _col33, _col39, _col41, _col43, _col45, _col49, _col50, _col55, _col57, _col64, _col81, _col83, _col84, _col93, _col95, _col96, _col105, _col113, _col115
          Statistics: Num rows: 27346879 Data size: 765712681 Basic stats: COMPLETE Column stats: NONE
          File Output Operator
            compressed: false
            table:
                input format: org.apache.hadoop.mapred.SequenceFileInputFormat
                output format: org.apache.hadoop.hive.ql.io.HiveSequenceFileOutputFormat
                serde: org.apache.hadoop.hive.serde2.lazybinary.LazyBinarySerDe

  Stage: Stage-40
    Map Reduce Local Work
      Alias -> Map Local Tables:
        $INTNAME 
          Fetch Operator
            limit: -1
      Alias -> Map Local Operator Tree:
        $INTNAME 
          TableScan
            HashTable Sink Operator
              keys:
                0 _col45 (type: int)
                1 cd_demo_sk (type: int)

  Stage: Stage-25
    Map Reduce
      Map Operator Tree:
          TableScan
            alias: cd2
            Statistics: Num rows: 395392 Data size: 80660096 Basic stats: COMPLETE Column stats: NONE
            Filter Operator
              predicate: cd_demo_sk is not null (type: boolean)
              Statistics: Num rows: 197696 Data size: 40330048 Basic stats: COMPLETE Column stats: NONE
              Map Join Operator
                condition map:
                     Inner Join 0 to 1
                keys:
                  0 _col45 (type: int)
                  1 cd_demo_sk (type: int)
                outputColumnNames: _col0, _col3, _col12, _col17, _col18, _col21, _col33, _col39, _col41, _col43, _col45, _col49, _col50, _col55, _col57, _col64, _col81, _col83, _col84, _col93, _col95, _col96
                Statistics: Num rows: 24860799 Data size: 696102423 Basic stats: COMPLETE Column stats: NONE
                File Output Operator
                  compressed: false
                  table:
                      input format: org.apache.hadoop.mapred.SequenceFileInputFormat
                      output format: org.apache.hadoop.hive.ql.io.HiveSequenceFileOutputFormat
                      serde: org.apache.hadoop.hive.serde2.lazybinary.LazyBinarySerDe
      Local Work:
        Map Reduce Local Work

  Stage: Stage-4
    Map Reduce
      Map Operator Tree:
          TableScan
            Reduce Output Operator
              key expressions: _col45 (type: int)
              sort order: +
              Map-reduce partition columns: _col45 (type: int)
              Statistics: Num rows: 22600726 Data size: 632820371 Basic stats: COMPLETE Column stats: NONE
              value expressions: _col0 (type: int), _col3 (type: int), _col12 (type: int), _col17 (type: int), _col18 (type: int), _col21 (type: float), _col33 (type: float), _col39 (type: int), _col41 (type: int), _col43 (type: int), _col49 (type: int), _col50 (type: int), _col55 (type: float), _col57 (type: float), _col64 (type: int), _col81 (type: int), _col83 (type: string), _col84 (type: string)
          TableScan
            alias: cd2
            Statistics: Num rows: 395392 Data size: 80660096 Basic stats: COMPLETE Column stats: NONE
            Filter Operator
              predicate: cd_demo_sk is not null (type: boolean)
              Statistics: Num rows: 197696 Data size: 40330048 Basic stats: COMPLETE Column stats: NONE
              Reduce Output Operator
                key expressions: cd_demo_sk (type: int)
                sort order: +
                Map-reduce partition columns: cd_demo_sk (type: int)
                Statistics: Num rows: 197696 Data size: 40330048 Basic stats: COMPLETE Column stats: NONE
                value expressions: cd_marital_status (type: string), cd_education_status (type: string)
      Reduce Operator Tree:
        Join Operator
          condition map:
               Inner Join 0 to 1
          keys:
            0 _col45 (type: int)
            1 cd_demo_sk (type: int)
          outputColumnNames: _col0, _col3, _col12, _col17, _col18, _col21, _col33, _col39, _col41, _col43, _col45, _col49, _col50, _col55, _col57, _col64, _col81, _col83, _col84, _col93, _col95, _col96
          Statistics: Num rows: 24860799 Data size: 696102423 Basic stats: COMPLETE Column stats: NONE
          File Output Operator
            compressed: false
            table:
                input format: org.apache.hadoop.mapred.SequenceFileInputFormat
                output format: org.apache.hadoop.hive.ql.io.HiveSequenceFileOutputFormat
                serde: org.apache.hadoop.hive.serde2.lazybinary.LazyBinarySerDe

  Stage: Stage-42
    Map Reduce Local Work
      Alias -> Map Local Tables:
        $INTNAME 
          Fetch Operator
            limit: -1
      Alias -> Map Local Operator Tree:
        $INTNAME 
          TableScan
            HashTable Sink Operator
              keys:
                0 _col41 (type: int)
                1 cd_demo_sk (type: int)

  Stage: Stage-28
    Map Reduce
      Map Operator Tree:
          TableScan
            alias: cd1
            Statistics: Num rows: 395392 Data size: 80660096 Basic stats: COMPLETE Column stats: NONE
            Filter Operator
              predicate: cd_demo_sk is not null (type: boolean)
              Statistics: Num rows: 197696 Data size: 40330048 Basic stats: COMPLETE Column stats: NONE
              Map Join Operator
                condition map:
                     Inner Join 0 to 1
                keys:
                  0 _col41 (type: int)
                  1 cd_demo_sk (type: int)
                outputColumnNames: _col0, _col3, _col12, _col17, _col18, _col21, _col33, _col39, _col41, _col43, _col45, _col49, _col50, _col55, _col57, _col64, _col81, _col83, _col84
                Statistics: Num rows: 22600726 Data size: 632820371 Basic stats: COMPLETE Column stats: NONE
                File Output Operator
                  compressed: false
                  table:
                      input format: org.apache.hadoop.mapred.SequenceFileInputFormat
                      output format: org.apache.hadoop.hive.ql.io.HiveSequenceFileOutputFormat
                      serde: org.apache.hadoop.hive.serde2.lazybinary.LazyBinarySerDe
      Local Work:
        Map Reduce Local Work

  Stage: Stage-3
    Map Reduce
      Map Operator Tree:
          TableScan
            Reduce Output Operator
              key expressions: _col41 (type: int)
              sort order: +
              Map-reduce partition columns: _col41 (type: int)
              Statistics: Num rows: 20546115 Data size: 575291234 Basic stats: COMPLETE Column stats: NONE
              value expressions: _col0 (type: int), _col3 (type: int), _col12 (type: int), _col17 (type: int), _col18 (type: int), _col21 (type: float), _col33 (type: float), _col39 (type: int), _col43 (type: int), _col45 (type: int), _col49 (type: int), _col50 (type: int), _col55 (type: float), _col57 (type: float), _col64 (type: int)
          TableScan
            alias: cd1
            Statistics: Num rows: 395392 Data size: 80660096 Basic stats: COMPLETE Column stats: NONE
            Filter Operator
              predicate: cd_demo_sk is not null (type: boolean)
              Statistics: Num rows: 197696 Data size: 40330048 Basic stats: COMPLETE Column stats: NONE
              Reduce Output Operator
                key expressions: cd_demo_sk (type: int)
                sort order: +
                Map-reduce partition columns: cd_demo_sk (type: int)
                Statistics: Num rows: 197696 Data size: 40330048 Basic stats: COMPLETE Column stats: NONE
                value expressions: cd_marital_status (type: string), cd_education_status (type: string)
      Reduce Operator Tree:
        Join Operator
          condition map:
               Inner Join 0 to 1
          keys:
            0 _col41 (type: int)
            1 cd_demo_sk (type: int)
          outputColumnNames: _col0, _col3, _col12, _col17, _col18, _col21, _col33, _col39, _col41, _col43, _col45, _col49, _col50, _col55, _col57, _col64, _col81, _col83, _col84
          Statistics: Num rows: 22600726 Data size: 632820371 Basic stats: COMPLETE Column stats: NONE
          File Output Operator
            compressed: false
            table:
                input format: org.apache.hadoop.mapred.SequenceFileInputFormat
                output format: org.apache.hadoop.hive.ql.io.HiveSequenceFileOutputFormat
                serde: org.apache.hadoop.hive.serde2.lazybinary.LazyBinarySerDe

  Stage: Stage-0
    Fetch Operator
      limit: 100
      Processor Tree:
        ListSink

